<?xml version="1.0" encoding="UTF-8"?>
<!-- Generated by org.testng.reporters.JUnitXMLReporter -->
<testsuite hostname="liyl" ignored="0" name="Default test" tests="2" failures="0" timestamp="21 十一月 2020 08:51:32 GMT" time="0.745" errors="0">
  <testcase name="test002_getDataPermissionList" time="0.048" classname="com.yxt.testcases.dataPermission.GetDataPermissionListTests"/>
  <testcase name="test003_getDataPermissionCount" time="0.025" classname="com.yxt.testcases.dataPermission.GetDataPermissionListTests"/>
</testsuite> <!-- Default test -->
