<?xml version="1.0" encoding="UTF-8"?>
<!-- Generated by org.testng.reporters.JUnitXMLReporter -->
<testsuite hostname="liyl" ignored="0" name="YXT" tests="5" failures="0" timestamp="04 十一月 2020 23:14:41 GMT" time="1.135" errors="0">
  <testcase name="test001_login" time="0.077" classname="com.yxt.testcases.login.LoginTests"/>
  <testcase name="test002_login" time="0.195" classname="com.yxt.testcases.login.LoginTests"/>
  <testcase name="test001_getDataPermissionList" time="0.042" classname="com.yxt.testcases.dataPermission.GetDataPermissionListTests"/>
  <testcase name="test002_getDataPermissionList" time="0.025" classname="com.yxt.testcases.dataPermission.GetDataPermissionListTests"/>
  <testcase name="test003_getDataPermissionCount" time="0.026" classname="com.yxt.testcases.dataPermission.GetDataPermissionListTests"/>
</testsuite> <!-- YXT -->
