<?xml version="1.0" encoding="UTF-8"?>
<testng-results skipped="0" failed="0" ignored="0" total="2" passed="2">
  <reporter-output>
    <line>
      <![CDATA[==登录]]>
    </line>
    <line>
      <![CDATA[url:http://api-core-phx.yunxuetang.com.cn/v2/auth/password]]>
    </line>
    <line>
      <![CDATA[params:{"password":"uMbUx3l8teFiCo0KVSGtIrPAGEJowWzzI8DUfgY+eRo=","domain":"boss-phx.yunxuetang.com.cn","userName":"YWRtaW4="}]]>
    </line>
    <line>
      <![CDATA[headers:Content-Type,application/json]]>
    </line>
    <line>
      <![CDATA[response:{"userInfo":{"token":"eyJhbGciOiJIUzUxMiJ9.eyJvcmdJZCI6ImE5OGIzNDFkLTI2ZDAtNGNmNy05YTM0LTA1MDY5NjE3M2MwMSIsInVzZXJJZCI6IjE0YTg4NTlhLWU2NTUtNGVkMy04YWFiLTY5NmEyM2Q3MDQwMiIsImZ1bGxOYW1lIjoi566h55CG5ZGYIiwiZXhwIjoxNjA3MTU4MjkyfQ.HPxQeK8SyW83CxHspxZVsDeAyGDlqXofJYf9ssMIJ7SsU2neb6G48Qbkw-GNIiuDj8Jp4l-L_UORPIZ4tAmHGA","userId":"14a8859a-e655-4ed3-8aab-696a23d70402","orgId":"a98b341d-26d0-4cf7-9a34-050696173c01","username":"admin","fullname":"管理员","sex":"0","idNo":"","userNo":"","birthday":null,"hireDate":null,"email":"","mobile":"","imgUrl":"https://media-phx.yunxuetang.com.cn/udp/images/profiles/100.png","emailValidated":0,"mobileValidated":0,"orgName":"江苏云学堂信息网络有限公司","siteName":"云学堂运营平台","orgCode":"boss-phx","domain":"boss-phx.yunxuetang.com.cn","logoUrl":"https://picobd.yunxuetang.cn/sys/my/images/201811/f50f1ea399ef43a5b832fd54751fb4ee.png","clientKey":"","tokenTimeout":1209600,"deptId":"","deptName":"","parttimeDeptList":"","positionList":"","gradeId":"","gradeName":"","managerId":"","managerFullname":"","admin":1,"locale":"zh_CN","previousPcLoginTime":"2020-11-21 16:47:40","previousAppLoginTime":null,"previousLoginTime":"2020-11-21 16:47:40","basicChangedTime":null,"defaultPwd":true},"permissions":[],"showSecretProtocol":false}]]>
    </line>
    <line>
      <![CDATA[连接数据库]]>
    </line>
    <line>
      <![CDATA[==查询数据权限列表]]>
    </line>
    <line>
      <![CDATA[url:http://api-core-phx.yunxuetang.com.cn/v2/data/permission/info/search?offset=0&limit=10&orderby=orderIndex&keyword=选择试卷批阅人&direction=ASC]]>
    </line>
    <line>
      <![CDATA[headers:source,501]]>
    </line>
    <line>
      <![CDATA[headers:Content-Type,application/json]]>
    </line>
    <line>
      <![CDATA[headers:token,eyJhbGciOiJIUzUxMiJ9.eyJvcmdJZCI6ImE5OGIzNDFkLTI2ZDAtNGNmNy05YTM0LTA1MDY5NjE3M2MwMSIsInVzZXJJZCI6IjE0YTg4NTlhLWU2NTUtNGVkMy04YWFiLTY5NmEyM2Q3MDQwMiIsImZ1bGxOYW1lIjoi566h55CG5ZGYIiwiZXhwIjoxNjA3MTU4MjkyfQ.HPxQeK8SyW83CxHspxZVsDeAyGDlqXofJYf9ssMIJ7SsU2neb6G48Qbkw-GNIiuDj8Jp4l-L_UORPIZ4tAmHGA]]>
    </line>
    <line>
      <![CDATA[response:{"datas":[{"name":"选择试卷批阅人","code":"ExamReviewer_extent","orderIndex":1,"remark":"","catalogName":"组织维度","componentCode":"data_auth_component_select_user,data_auth_component_dept","componentName":"选人,部门","isShow":1,"tooltips":"特色特通天塔","id":"e46c6dd4-e7d2-4972-9c94-d3f91c05fb29","createUserId":"14a8859a-e655-4ed3-8aab-696a23d70402","createFullname":"管理员","createTime":"2020-08-13 20:46:31","updateUserId":"0022d404-d970-4065-b83e-e8f496ae0f52","updateFullname":"超级管理员","updateTime":"2020-11-20 11:15:04"}],"paging":{"limit":10,"offset":0,"pages":1,"count":1}}]]>
    </line>
    <line>
      <![CDATA[查询：select name,code from core_data_permission_info where name like '%选择试卷批阅人%' or catalog_name like '%选择试卷批阅人%' order by order_index,create_time DESC LIMIT 10]]>
    </line>
    <line>
      <![CDATA[==查询数据权限列表]]>
    </line>
    <line>
      <![CDATA[url:http://api-core-phx.yunxuetang.com.cn/v2/data/permission/info/search?offset=0&limit=10&orderby=orderIndex&keyword=&direction=ASC]]>
    </line>
    <line>
      <![CDATA[headers:source,501]]>
    </line>
    <line>
      <![CDATA[headers:Content-Type,application/json]]>
    </line>
    <line>
      <![CDATA[headers:token,eyJhbGciOiJIUzUxMiJ9.eyJvcmdJZCI6ImE5OGIzNDFkLTI2ZDAtNGNmNy05YTM0LTA1MDY5NjE3M2MwMSIsInVzZXJJZCI6IjE0YTg4NTlhLWU2NTUtNGVkMy04YWFiLTY5NmEyM2Q3MDQwMiIsImZ1bGxOYW1lIjoi566h55CG5ZGYIiwiZXhwIjoxNjA3MTU4MjkyfQ.HPxQeK8SyW83CxHspxZVsDeAyGDlqXofJYf9ssMIJ7SsU2neb6G48Qbkw-GNIiuDj8Jp4l-L_UORPIZ4tAmHGA]]>
    </line>
    <line>
      <![CDATA[response:{"datas":[{"name":"dp_1717955","code":"dp_1717955","orderIndex":1,"remark":"","catalogName":"????","componentCode":"","componentName":"","isShow":1,"tooltips":"123test","id":"096282da-4143-459f-8a15-87eecdde2077","createUserId":"0022d404-d970-4065-b83e-e8f496ae0f52","createFullname":"超级管理员","createTime":"2020-11-16 16:01:33","updateUserId":"0022d404-d970-4065-b83e-e8f496ae0f52","updateFullname":"超级管理员","updateTime":"2020-11-20 11:03:19"},{"name":"dp_717955","code":"dp_717955","orderIndex":1,"remark":"","catalogName":"????","componentCode":"","componentName":"","isShow":1,"tooltips":"","id":"db83588f-46b8-42cb-ba8e-3f8e876e047d","createUserId":"0022d404-d970-4065-b83e-e8f496ae0f52","createFullname":"超级管理员","createTime":"2020-11-16 16:01:32","updateUserId":"0022d404-d970-4065-b83e-e8f496ae0f52","updateFullname":"超级管理员","updateTime":"2020-11-16 16:01:32"},{"name":"dp_1449432","code":"dp_1449432","orderIndex":1,"remark":"","catalogName":"????","componentCode":"","componentName":"","isShow":1,"tooltips":"","id":"28956230-3ad9-4f2f-ac79-6588d16b4492","createUserId":"0022d404-d970-4065-b83e-e8f496ae0f52","createFullname":"超级管理员","createTime":"2020-11-13 16:46:04","updateUserId":"0022d404-d970-4065-b83e-e8f496ae0f52","updateFullname":"超级管理员","updateTime":"2020-11-13 16:46:04"},{"name":"dp_449432","code":"dp_449432","orderIndex":1,"remark":"","catalogName":"????","componentCode":"","componentName":"","isShow":1,"tooltips":"","id":"e74b4cc0-ca5a-4953-ab4a-b42f5093ee15","createUserId":"0022d404-d970-4065-b83e-e8f496ae0f52","createFullname":"超级管理员","createTime":"2020-11-13 16:46:04","updateUserId":"0022d404-d970-4065-b83e-e8f496ae0f52","updateFullname":"超级管理员","updateTime":"2020-11-13 16:46:04"},{"name":"dp_325038","code":"dp_325038","orderIndex":1,"remark":"","catalogName":"????","componentCode":"","componentName":"","isShow":1,"tooltips":"","id":"45d90660-e176-43d3-b817-bcac01e33b25","createUserId":"0022d404-d970-4065-b83e-e8f496ae0f52","createFullname":"超级管理员","createTime":"2020-11-13 16:45:47","updateUserId":"0022d404-d970-4065-b83e-e8f496ae0f52","updateFullname":"超级管理员","updateTime":"2020-11-13 16:45:47"},{"name":"dp_1325038","code":"dp_1325038","orderIndex":1,"remark":"","catalogName":"????","componentCode":"","componentName":"","isShow":1,"tooltips":"","id":"c790022e-43cf-4926-9806-f200e0224ad3","createUserId":"0022d404-d970-4065-b83e-e8f496ae0f52","createFullname":"超级管理员","createTime":"2020-11-13 16:45:47","updateUserId":"0022d404-d970-4065-b83e-e8f496ae0f52","updateFullname":"超级管理员","updateTime":"2020-11-13 16:45:47"},{"name":"dp_1168954","code":"dp_1168954","orderIndex":1,"remark":"","catalogName":"????","componentCode":"","componentName":"","isShow":1,"tooltips":"","id":"081eb2a8-b88b-4604-8cac-80d736c1547a","createUserId":"0022d404-d970-4065-b83e-e8f496ae0f52","createFullname":"超级管理员","createTime":"2020-11-13 16:44:18","updateUserId":"0022d404-d970-4065-b83e-e8f496ae0f52","updateFullname":"超级管理员","updateTime":"2020-11-13 16:44:18"},{"name":"dp_168954","code":"dp_168954","orderIndex":1,"remark":"","catalogName":"????","componentCode":"","componentName":"","isShow":1,"tooltips":"","id":"5f222cb0-10ee-400c-8262-37fbf747fdba","createUserId":"0022d404-d970-4065-b83e-e8f496ae0f52","createFullname":"超级管理员","createTime":"2020-11-13 16:44:18","updateUserId":"0022d404-d970-4065-b83e-e8f496ae0f52","updateFullname":"超级管理员","updateTime":"2020-11-13 16:44:18"},{"name":"dp_1787574","code":"dp_1787574","orderIndex":1,"remark":"","catalogName":"????","componentCode":"","componentName":"","isShow":1,"tooltips":"","id":"2f7cd774-9c75-4430-a5b2-4a015ff1afea","createUserId":"0022d404-d970-4065-b83e-e8f496ae0f52","createFullname":"超级管理员","createTime":"2020-11-13 16:24:20","updateUserId":"0022d404-d970-4065-b83e-e8f496ae0f52","updateFullname":"超级管理员","updateTime":"2020-11-13 16:24:20"},{"name":"dp_787574","code":"dp_787574","orderIndex":1,"remark":"","catalogName":"????","componentCode":"","componentName":"","isShow":1,"tooltips":"","id":"7df80b57-67ca-410b-900d-b267191cb093","createUserId":"0022d404-d970-4065-b83e-e8f496ae0f52","createFullname":"超级管理员","createTime":"2020-11-13 16:24:20","updateUserId":"0022d404-d970-4065-b83e-e8f496ae0f52","updateFullname":"超级管理员","updateTime":"2020-11-13 16:24:20"}],"paging":{"limit":10,"offset":0,"pages":18,"count":171}}]]>
    </line>
    <line>
      <![CDATA[查询：select COUNT(*)countx from core_data_permission_info]]>
    </line>
    <line>
      <![CDATA[关闭数据库]]>
    </line>
  </reporter-output>
  <suite name="Default suite" duration-ms="745" started-at="2020-11-21T08:51:31Z" finished-at="2020-11-21T08:51:32Z">
    <groups>
    </groups>
    <test name="Default test" duration-ms="745" started-at="2020-11-21T08:51:31Z" finished-at="2020-11-21T08:51:32Z">
      <class name="com.yxt.testcases.dataPermission.GetDataPermissionListTests">
        <test-method status="PASS" signature="init()[pri:0, instance:com.yxt.testcases.dataPermission.GetDataPermissionListTests@5e3a8624]" name="init" is-config="true" duration-ms="662" started-at="2020-11-21T08:51:31Z" finished-at="2020-11-21T08:51:32Z">
          <reporter-output>
            <line>
              <![CDATA[==登录]]>
            </line>
            <line>
              <![CDATA[url:http://api-core-phx.yunxuetang.com.cn/v2/auth/password]]>
            </line>
            <line>
              <![CDATA[params:{"password":"uMbUx3l8teFiCo0KVSGtIrPAGEJowWzzI8DUfgY+eRo=","domain":"boss-phx.yunxuetang.com.cn","userName":"YWRtaW4="}]]>
            </line>
            <line>
              <![CDATA[headers:Content-Type,application/json]]>
            </line>
            <line>
              <![CDATA[response:{"userInfo":{"token":"eyJhbGciOiJIUzUxMiJ9.eyJvcmdJZCI6ImE5OGIzNDFkLTI2ZDAtNGNmNy05YTM0LTA1MDY5NjE3M2MwMSIsInVzZXJJZCI6IjE0YTg4NTlhLWU2NTUtNGVkMy04YWFiLTY5NmEyM2Q3MDQwMiIsImZ1bGxOYW1lIjoi566h55CG5ZGYIiwiZXhwIjoxNjA3MTU4MjkyfQ.HPxQeK8SyW83CxHspxZVsDeAyGDlqXofJYf9ssMIJ7SsU2neb6G48Qbkw-GNIiuDj8Jp4l-L_UORPIZ4tAmHGA","userId":"14a8859a-e655-4ed3-8aab-696a23d70402","orgId":"a98b341d-26d0-4cf7-9a34-050696173c01","username":"admin","fullname":"管理员","sex":"0","idNo":"","userNo":"","birthday":null,"hireDate":null,"email":"","mobile":"","imgUrl":"https://media-phx.yunxuetang.com.cn/udp/images/profiles/100.png","emailValidated":0,"mobileValidated":0,"orgName":"江苏云学堂信息网络有限公司","siteName":"云学堂运营平台","orgCode":"boss-phx","domain":"boss-phx.yunxuetang.com.cn","logoUrl":"https://picobd.yunxuetang.cn/sys/my/images/201811/f50f1ea399ef43a5b832fd54751fb4ee.png","clientKey":"","tokenTimeout":1209600,"deptId":"","deptName":"","parttimeDeptList":"","positionList":"","gradeId":"","gradeName":"","managerId":"","managerFullname":"","admin":1,"locale":"zh_CN","previousPcLoginTime":"2020-11-21 16:47:40","previousAppLoginTime":null,"previousLoginTime":"2020-11-21 16:47:40","basicChangedTime":null,"defaultPwd":true},"permissions":[],"showSecretProtocol":false}]]>
            </line>
            <line>
              <![CDATA[连接数据库]]>
            </line>
          </reporter-output>
        </test-method> <!-- init -->
        <test-method status="PASS" signature="test002_getDataPermissionList()[pri:0, instance:com.yxt.testcases.dataPermission.GetDataPermissionListTests@5e3a8624]" name="test002_getDataPermissionList" duration-ms="48" started-at="2020-11-21T08:51:32Z" description="列表搜索" finished-at="2020-11-21T08:51:32Z">
          <reporter-output>
            <line>
              <![CDATA[==查询数据权限列表]]>
            </line>
            <line>
              <![CDATA[url:http://api-core-phx.yunxuetang.com.cn/v2/data/permission/info/search?offset=0&limit=10&orderby=orderIndex&keyword=选择试卷批阅人&direction=ASC]]>
            </line>
            <line>
              <![CDATA[headers:source,501]]>
            </line>
            <line>
              <![CDATA[headers:Content-Type,application/json]]>
            </line>
            <line>
              <![CDATA[headers:token,eyJhbGciOiJIUzUxMiJ9.eyJvcmdJZCI6ImE5OGIzNDFkLTI2ZDAtNGNmNy05YTM0LTA1MDY5NjE3M2MwMSIsInVzZXJJZCI6IjE0YTg4NTlhLWU2NTUtNGVkMy04YWFiLTY5NmEyM2Q3MDQwMiIsImZ1bGxOYW1lIjoi566h55CG5ZGYIiwiZXhwIjoxNjA3MTU4MjkyfQ.HPxQeK8SyW83CxHspxZVsDeAyGDlqXofJYf9ssMIJ7SsU2neb6G48Qbkw-GNIiuDj8Jp4l-L_UORPIZ4tAmHGA]]>
            </line>
            <line>
              <![CDATA[response:{"datas":[{"name":"选择试卷批阅人","code":"ExamReviewer_extent","orderIndex":1,"remark":"","catalogName":"组织维度","componentCode":"data_auth_component_select_user,data_auth_component_dept","componentName":"选人,部门","isShow":1,"tooltips":"特色特通天塔","id":"e46c6dd4-e7d2-4972-9c94-d3f91c05fb29","createUserId":"14a8859a-e655-4ed3-8aab-696a23d70402","createFullname":"管理员","createTime":"2020-08-13 20:46:31","updateUserId":"0022d404-d970-4065-b83e-e8f496ae0f52","updateFullname":"超级管理员","updateTime":"2020-11-20 11:15:04"}],"paging":{"limit":10,"offset":0,"pages":1,"count":1}}]]>
            </line>
            <line>
              <![CDATA[查询：select name,code from core_data_permission_info where name like '%选择试卷批阅人%' or catalog_name like '%选择试卷批阅人%' order by order_index,create_time DESC LIMIT 10]]>
            </line>
          </reporter-output>
        </test-method> <!-- test002_getDataPermissionList -->
        <test-method status="PASS" signature="test003_getDataPermissionCount()[pri:0, instance:com.yxt.testcases.dataPermission.GetDataPermissionListTests@5e3a8624]" name="test003_getDataPermissionCount" duration-ms="25" started-at="2020-11-21T08:51:32Z" description="检查列表总条数" finished-at="2020-11-21T08:51:32Z">
          <reporter-output>
            <line>
              <![CDATA[==查询数据权限列表]]>
            </line>
            <line>
              <![CDATA[url:http://api-core-phx.yunxuetang.com.cn/v2/data/permission/info/search?offset=0&limit=10&orderby=orderIndex&keyword=&direction=ASC]]>
            </line>
            <line>
              <![CDATA[headers:source,501]]>
            </line>
            <line>
              <![CDATA[headers:Content-Type,application/json]]>
            </line>
            <line>
              <![CDATA[headers:token,eyJhbGciOiJIUzUxMiJ9.eyJvcmdJZCI6ImE5OGIzNDFkLTI2ZDAtNGNmNy05YTM0LTA1MDY5NjE3M2MwMSIsInVzZXJJZCI6IjE0YTg4NTlhLWU2NTUtNGVkMy04YWFiLTY5NmEyM2Q3MDQwMiIsImZ1bGxOYW1lIjoi566h55CG5ZGYIiwiZXhwIjoxNjA3MTU4MjkyfQ.HPxQeK8SyW83CxHspxZVsDeAyGDlqXofJYf9ssMIJ7SsU2neb6G48Qbkw-GNIiuDj8Jp4l-L_UORPIZ4tAmHGA]]>
            </line>
            <line>
              <![CDATA[response:{"datas":[{"name":"dp_1717955","code":"dp_1717955","orderIndex":1,"remark":"","catalogName":"????","componentCode":"","componentName":"","isShow":1,"tooltips":"123test","id":"096282da-4143-459f-8a15-87eecdde2077","createUserId":"0022d404-d970-4065-b83e-e8f496ae0f52","createFullname":"超级管理员","createTime":"2020-11-16 16:01:33","updateUserId":"0022d404-d970-4065-b83e-e8f496ae0f52","updateFullname":"超级管理员","updateTime":"2020-11-20 11:03:19"},{"name":"dp_717955","code":"dp_717955","orderIndex":1,"remark":"","catalogName":"????","componentCode":"","componentName":"","isShow":1,"tooltips":"","id":"db83588f-46b8-42cb-ba8e-3f8e876e047d","createUserId":"0022d404-d970-4065-b83e-e8f496ae0f52","createFullname":"超级管理员","createTime":"2020-11-16 16:01:32","updateUserId":"0022d404-d970-4065-b83e-e8f496ae0f52","updateFullname":"超级管理员","updateTime":"2020-11-16 16:01:32"},{"name":"dp_1449432","code":"dp_1449432","orderIndex":1,"remark":"","catalogName":"????","componentCode":"","componentName":"","isShow":1,"tooltips":"","id":"28956230-3ad9-4f2f-ac79-6588d16b4492","createUserId":"0022d404-d970-4065-b83e-e8f496ae0f52","createFullname":"超级管理员","createTime":"2020-11-13 16:46:04","updateUserId":"0022d404-d970-4065-b83e-e8f496ae0f52","updateFullname":"超级管理员","updateTime":"2020-11-13 16:46:04"},{"name":"dp_449432","code":"dp_449432","orderIndex":1,"remark":"","catalogName":"????","componentCode":"","componentName":"","isShow":1,"tooltips":"","id":"e74b4cc0-ca5a-4953-ab4a-b42f5093ee15","createUserId":"0022d404-d970-4065-b83e-e8f496ae0f52","createFullname":"超级管理员","createTime":"2020-11-13 16:46:04","updateUserId":"0022d404-d970-4065-b83e-e8f496ae0f52","updateFullname":"超级管理员","updateTime":"2020-11-13 16:46:04"},{"name":"dp_325038","code":"dp_325038","orderIndex":1,"remark":"","catalogName":"????","componentCode":"","componentName":"","isShow":1,"tooltips":"","id":"45d90660-e176-43d3-b817-bcac01e33b25","createUserId":"0022d404-d970-4065-b83e-e8f496ae0f52","createFullname":"超级管理员","createTime":"2020-11-13 16:45:47","updateUserId":"0022d404-d970-4065-b83e-e8f496ae0f52","updateFullname":"超级管理员","updateTime":"2020-11-13 16:45:47"},{"name":"dp_1325038","code":"dp_1325038","orderIndex":1,"remark":"","catalogName":"????","componentCode":"","componentName":"","isShow":1,"tooltips":"","id":"c790022e-43cf-4926-9806-f200e0224ad3","createUserId":"0022d404-d970-4065-b83e-e8f496ae0f52","createFullname":"超级管理员","createTime":"2020-11-13 16:45:47","updateUserId":"0022d404-d970-4065-b83e-e8f496ae0f52","updateFullname":"超级管理员","updateTime":"2020-11-13 16:45:47"},{"name":"dp_1168954","code":"dp_1168954","orderIndex":1,"remark":"","catalogName":"????","componentCode":"","componentName":"","isShow":1,"tooltips":"","id":"081eb2a8-b88b-4604-8cac-80d736c1547a","createUserId":"0022d404-d970-4065-b83e-e8f496ae0f52","createFullname":"超级管理员","createTime":"2020-11-13 16:44:18","updateUserId":"0022d404-d970-4065-b83e-e8f496ae0f52","updateFullname":"超级管理员","updateTime":"2020-11-13 16:44:18"},{"name":"dp_168954","code":"dp_168954","orderIndex":1,"remark":"","catalogName":"????","componentCode":"","componentName":"","isShow":1,"tooltips":"","id":"5f222cb0-10ee-400c-8262-37fbf747fdba","createUserId":"0022d404-d970-4065-b83e-e8f496ae0f52","createFullname":"超级管理员","createTime":"2020-11-13 16:44:18","updateUserId":"0022d404-d970-4065-b83e-e8f496ae0f52","updateFullname":"超级管理员","updateTime":"2020-11-13 16:44:18"},{"name":"dp_1787574","code":"dp_1787574","orderIndex":1,"remark":"","catalogName":"????","componentCode":"","componentName":"","isShow":1,"tooltips":"","id":"2f7cd774-9c75-4430-a5b2-4a015ff1afea","createUserId":"0022d404-d970-4065-b83e-e8f496ae0f52","createFullname":"超级管理员","createTime":"2020-11-13 16:24:20","updateUserId":"0022d404-d970-4065-b83e-e8f496ae0f52","updateFullname":"超级管理员","updateTime":"2020-11-13 16:24:20"},{"name":"dp_787574","code":"dp_787574","orderIndex":1,"remark":"","catalogName":"????","componentCode":"","componentName":"","isShow":1,"tooltips":"","id":"7df80b57-67ca-410b-900d-b267191cb093","createUserId":"0022d404-d970-4065-b83e-e8f496ae0f52","createFullname":"超级管理员","createTime":"2020-11-13 16:24:20","updateUserId":"0022d404-d970-4065-b83e-e8f496ae0f52","updateFullname":"超级管理员","updateTime":"2020-11-13 16:24:20"}],"paging":{"limit":10,"offset":0,"pages":18,"count":171}}]]>
            </line>
            <line>
              <![CDATA[查询：select COUNT(*)countx from core_data_permission_info]]>
            </line>
          </reporter-output>
        </test-method> <!-- test003_getDataPermissionCount -->
        <test-method status="PASS" signature="close()[pri:0, instance:com.yxt.testcases.dataPermission.GetDataPermissionListTests@5e3a8624]" name="close" is-config="true" duration-ms="2" started-at="2020-11-21T08:51:32Z" finished-at="2020-11-21T08:51:32Z">
          <reporter-output>
            <line>
              <![CDATA[关闭数据库]]>
            </line>
          </reporter-output>
        </test-method> <!-- close -->
      </class> <!-- com.yxt.testcases.dataPermission.GetDataPermissionListTests -->
    </test> <!-- Default test -->
  </suite> <!-- Default suite -->
</testng-results>
