<?xml version="1.0" encoding="UTF-8"?>
<testng-results skipped="0" failed="0" ignored="0" total="5" passed="5">
  <reporter-output>
    <line>
      <![CDATA[==登录]]>
    </line>
    <line>
      <![CDATA[url:http://api-core-phx.yunxuetang.com.cn/v2/auth/password]]>
    </line>
    <line>
      <![CDATA[params:{"password":"OOySWq8CNOJJQBI+rf9qCQLMB86UD/nWYs0uMoxdibY=","domain":"boss-phx.yunxuetang.com.cn","userName":"YWRtaW4="}]]>
    </line>
    <line>
      <![CDATA[headers:Content-Type,application/json]]>
    </line>
    <line>
      <![CDATA[response:{"userInfo":{"token":"eyJhbGciOiJIUzUxMiJ9.eyJvcmdJZCI6ImE5OGIzNDFkLTI2ZDAtNGNmNy05YTM0LTA1MDY5NjE3M2MwMSIsInVzZXJJZCI6IjE0YTg4NTlhLWU2NTUtNGVkMy04YWFiLTY5NmEyM2Q3MDQwMiIsImZ1bGxOYW1lIjoi566h55CG5ZGYIiwiZXhwIjoxNjA2Mjg5NTU3fQ.1a8-Kxd9JIegDYojASXmTSU3SQNvVu8NJ1sicgrKnukGNiqedg5W4ZMomsBHwmyc9d92MVMoA_4MLvb6LyFGug","userId":"14a8859a-e655-4ed3-8aab-696a23d70402","orgId":"a98b341d-26d0-4cf7-9a34-050696173c01","username":"admin","fullname":"管理员","sex":"0","idNo":"","userNo":"","birthday":null,"hireDate":null,"email":"","mobile":"","imgUrl":"https://media-phx.yunxuetang.com.cn/udp/images/profiles/100.png","emailValidated":0,"mobileValidated":0,"orgName":"江苏云学堂信息网络有限公司","siteName":"云学堂运营平台","orgCode":"boss-phx","domain":"boss-phx.yunxuetang.com.cn","logoUrl":"https://picobd.yunxuetang.cn/sys/my/images/201811/f50f1ea399ef43a5b832fd54751fb4ee.png","clientKey":"","tokenTimeout":1209600,"deptId":"","deptName":"","parttimeDeptList":"","positionList":"","gradeId":"","gradeName":"","managerId":"","managerFullname":"","admin":1,"locale":"zh_CN","previousPcLoginTime":"2020-11-11 15:31:16","previousAppLoginTime":null,"previousLoginTime":"2020-11-11 15:31:16","basicChangedTime":null,"defaultPwd":true},"permissions":[],"showSecretProtocol":false}]]>
    </line>
    <line>
      <![CDATA[连接数据库]]>
    </line>
    <line>
      <![CDATA[==登录]]>
    </line>
    <line>
      <![CDATA[url:http://api-core-phx.yunxuetang.com.cn/v2/auth/password]]>
    </line>
    <line>
      <![CDATA[params:{"password":"OOySWq8CNOJJQBI+rf9qCeD43ZYX7YHc9qgAbcFsvDc=","domain":"boss-phx.yunxuetang.com.cn","userName":"YWRtaW4="}]]>
    </line>
    <line>
      <![CDATA[headers:Content-Type,application/json]]>
    </line>
    <line>
      <![CDATA[response:{"userInfo":{"token":"eyJhbGciOiJIUzUxMiJ9.eyJvcmdJZCI6ImE5OGIzNDFkLTI2ZDAtNGNmNy05YTM0LTA1MDY5NjE3M2MwMSIsInVzZXJJZCI6IjE0YTg4NTlhLWU2NTUtNGVkMy04YWFiLTY5NmEyM2Q3MDQwMiIsImZ1bGxOYW1lIjoi566h55CG5ZGYIiwiZXhwIjoxNjA2Mjg5NTU3fQ.1a8-Kxd9JIegDYojASXmTSU3SQNvVu8NJ1sicgrKnukGNiqedg5W4ZMomsBHwmyc9d92MVMoA_4MLvb6LyFGug","userId":"14a8859a-e655-4ed3-8aab-696a23d70402","orgId":"a98b341d-26d0-4cf7-9a34-050696173c01","username":"admin","fullname":"管理员","sex":"0","idNo":"","userNo":"","birthday":null,"hireDate":null,"email":"","mobile":"","imgUrl":"https://media-phx.yunxuetang.com.cn/udp/images/profiles/100.png","emailValidated":0,"mobileValidated":0,"orgName":"江苏云学堂信息网络有限公司","siteName":"云学堂运营平台","orgCode":"boss-phx","domain":"boss-phx.yunxuetang.com.cn","logoUrl":"https://picobd.yunxuetang.cn/sys/my/images/201811/f50f1ea399ef43a5b832fd54751fb4ee.png","clientKey":"","tokenTimeout":1209600,"deptId":"","deptName":"","parttimeDeptList":"","positionList":"","gradeId":"","gradeName":"","managerId":"","managerFullname":"","admin":1,"locale":"zh_CN","previousPcLoginTime":"2020-11-11 15:32:37","previousAppLoginTime":null,"previousLoginTime":"2020-11-11 15:32:37","basicChangedTime":null,"defaultPwd":true},"permissions":[],"showSecretProtocol":false}]]>
    </line>
    <line>
      <![CDATA[==登录]]>
    </line>
    <line>
      <![CDATA[url:http://api-core-phx.yunxuetang.com.cn/v2/auth/password]]>
    </line>
    <line>
      <![CDATA[params:{"password":"OOySWq8CNOJJQBI+rf9qCXoUTBYSfMFueoxWRlMU0JY=","domain":"xx-phx.yunxuetang.com.cn","userName":"YWRtaW4="}]]>
    </line>
    <line>
      <![CDATA[headers:Content-Type,application/json]]>
    </line>
    <line>
      <![CDATA[response:{"userInfo":{"token":"eyJhbGciOiJIUzUxMiJ9.eyJvcmdJZCI6ImRjOWRlMzkxLWU0ZTktNDcwNC1hODgxLWJhN2I3NGEzN2U1NyIsInVzZXJJZCI6IjJmYTQwOWU4LTg0MWEtNDAzMy05NzJjLWNlNWIyZjA3NDU1MyIsImZ1bGxOYW1lIjoi566h55CG5ZGYIiwiZXhwIjoxNjA2Mjg5NTU3fQ.kpbnEV94PqyFlDWnBr7VER-vhupaJnfXOMVnzW_II-kFHIDVpQI6KRlekBf6Yp4zwORuG62ohavIjww3eUk1CA","userId":"2fa409e8-841a-4033-972c-ce5b2f074553","orgId":"dc9de391-e4e9-4704-a881-ba7b74a37e57","username":"admin","fullname":"管理员","sex":"1","idNo":"啦啦啦11111111111111111","userNo":"","birthday":"2020-03-19","hireDate":null,"email":"zhangyx@yxt.com","mobile":"16619812027","imgUrl":"https://picobd-test.yunxuetang.cn/orgsv2/core/xx-phx/core_userinfo/images/202011/b361303d6bb44a3eb7c576e0f3e6f31a.jpg","emailValidated":0,"mobileValidated":0,"orgName":"云学堂1234567890@234567","siteName":"企业大学","orgCode":"xx-phx","domain":"xx-phx.yunxuetang.com.cn","logoUrl":"https://picobd-test.yunxuetang.cn/orgsv2/demo/xx-phx/test_module/test_function/202010/c1d62435baed450792fba7eafa0d521f.png","clientKey":"3c8f7412-d622-4026-bac9-123862b33912","tokenTimeout":1209600,"deptId":"a5203c1e-adcf-4d97-a163-51115d93e667","deptName":"研发中心","parttimeDeptList":"a8a19e83-cfe2-4164-81ef-31b350bef220@@销售部->上海分部，销售部->深圳分部,39983367-eb95-4abd-a7a8-2f79838b996a@@小jiang部门,8530aeef-5fe6-4b00-a7b1-27dd9ba4bd8f@@销售部->上海分部，销售部,1ad9c4dc-209b-4e97-901b-27f646810be5@@销售部,22c63492-ea4a-4c33-9a3b-cb096ec79056@@20180117011111111111111111111111111111111111111112","positionList":"b7098256-6474-48a0-8032-0de3b1f281d6@@游戏开发,3f80f9c0-0301-4371-a0f8-e5ba14d73d89@@测试岗位1,f6772854-0706-4117-8b0e-4bd0c5160656@@产品工程师,0baa3042-3d50-47d9-9271-4f4dd3234803@@laya","gradeId":"","gradeName":"P1","managerId":"","managerFullname":"沈彬","admin":1,"locale":"zh_CN","previousPcLoginTime":"2020-11-11 15:31:15","previousAppLoginTime":"2020-11-10 15:41:09","previousLoginTime":"2020-11-11 15:31:15","basicChangedTime":null,"defaultPwd":true},"permissions":[{"code":"o2o_train_center","type":2,"optionCode":"activities_batch_approval"},{"code":"o2o_train_center","type":2,"optionCode":"item_add"},{"code":"o2o_train_center","type":2,"optionCode":"points_visit"},{"code":"o2o_train_center","type":2,"optionCode":"trainee_auto_add_set"},{"code":"o2o_train_center","type":2,"optionCode":"trainee_manage"},{"code":"o2o_train_center","type":2,"optionCode":"project_design"},{"code":"o2o_train_center","type":2,"optionCode":"Points_and_credits_get"},{"code":"o2o_train_center","type":2,"optionCode":"activities_approval_change_formal"},{"code":"o2o_train_center","type":2,"optionCode":"activities_approval"},{"code":"o2o_train_center","type":2,"optionCode":"points_set_rule"},{"code":"o2o_train_center","type":2,"optionCode":"trainee_group_set"},{"code":"o2o_train_center","type":2,"optionCode":"message_templates_visit"},{"code":"o2o_train_center","type":2,"optionCode":"trainee_group_add"},{"code":"o2o_train_center","type":2,"optionCode":"project_console_visit"},{"code":"o2o_train_center","type":2,"optionCode":"traineeGroup_visit"},{"code":"o2o_train_center","type":2,"optionCode":"basic_info_visit"},{"code":"o2o_train_center","type":2,"optionCode":"activities_approval_get"},{"code":"o2o_train_center","type":2,"optionCode":"trainee_export_info"},{"code":"o2o_train_center","type":2,"optionCode":"certificate_visit"},{"code":"o2o_train_center","type":2,"optionCode":"trainee_list_visit"},{"code":"o2o_train_center","type":2,"optionCode":"certificate_set"},{"code":"o2o_train_center","type":2,"optionCode":"activities_set_info"},{"code":"o2o_train_center","type":2,"optionCode":"trainee_set"},{"code":"o2o_train_center","type":2,"optionCode":"trainee_add"},{"code":"o2o_train_center","type":2,"optionCode":"projec_task_manage"},{"code":"o2o_train_center","type":2,"optionCode":"item_owner_appoint"},{"code":"o2o_train_center","type":2,"optionCode":"activities_manage_visit"},{"code":"o2o_train_center","type":2,"optionCode":"credits_set_rule"},{"code":"o2o_train_center","type":2,"optionCode":"points_and_credits_visit"},{"code":"o2o_train_center","type":2,"optionCode":"project_set"},{"code":"o2o_train_center","type":2,"optionCode":"activities_approval_form"},{"code":"o2o_train_center","type":2,"optionCode":"item_manage"},{"code":"o2o_train_center","type":2,"optionCode":"basic_info_edit"},{"code":"kng_mgmt_main","type":2,"optionCode":"*"},{"code":"bbs_setting","type":2,"optionCode":"*"},{"code":"ssp_point_set","type":2,"optionCode":"points_deduct_get"},{"code":"ssp_point_set","type":2,"optionCode":"points_deduct_set"},{"code":"ssp_point_set","type":2,"optionCode":"points_level_edit"},{"code":"ssp_point_set","type":2,"optionCode":"points_reward_set"},{"code":"ssp_point_set","type":2,"optionCode":"points_reward_get"},{"code":"ssp_point_set","type":2,"optionCode":"points_level_add"},{"code":"ssp_point_set","type":2,"optionCode":"points_level_delete"},{"code":"ssp_point_set","type":2,"optionCode":"points_level_get"},{"code":"survey_mgmt","type":2,"optionCode":"investigate_list_get"},{"code":"survey_mgmt","type":2,"optionCode":"investigate_preview"},{"code":"survey_mgmt","type":2,"optionCode":"investigate_user_list_get"},{"code":"survey_mgmt","type":2,"optionCode":"investigate_detail_get"},{"code":"survey_mgmt","type":2,"optionCode":"investigate_delay"},{"code":"survey_mgmt","type":2,"optionCode":"investigate_statistics"},{"code":"survey_mgmt","type":2,"optionCode":"investigate_archive"},{"code":"survey_mgmt","type":2,"optionCode":"investigate_add_user"},{"code":"survey_mgmt","type":2,"optionCode":"investigate_code"},{"code":"survey_mgmt","type":2,"optionCode":"investigate_user_detail_get"},{"code":"survey_mgmt","type":2,"optionCode":"investigate_add"},{"code":"survey_mgmt","type":2,"optionCode":"investigate_delete"},{"code":"udp_orgoumgmt","type":2,"optionCode":"user_delete"},{"code":"udp_orgoumgmt","type":2,"optionCode":"user_batch_invite"},{"code":"udp_orgoumgmt","type":2,"optionCode":"user_import"},{"code":"udp_orgoumgmt","type":2,"optionCode":"user_batch_change_department"},{"code":"udp_orgoumgmt","type":2,"optionCode":"user_bind"},{"code":"udp_orgoumgmt","type":2,"optionCode":"user_export"},{"code":"udp_orgoumgmt","type":2,"optionCode":"user_edit"},{"code":"udp_orgoumgmt","type":2,"optionCode":"user_batch_unlock"},{"code":"udp_orgoumgmt","type":2,"optionCode":"position_get"},{"code":"udp_orgoumgmt","type":2,"optionCode":"user_add"},{"code":"udp_orgoumgmt","type":2,"optionCode":"department_add"},{"code":"udp_orgoumgmt","type":2,"optionCode":"enterprise_name_edit"},{"code":"udp_orgoumgmt","type":2,"optionCode":"user_unbind_phone"},{"code":"udp_orgoumgmt","type":2,"optionCode":"user_batch_delete"},{"code":"udp_orgoumgmt","type":2,"optionCode":"user_list_get"},{"code":"udp_orgoumgmt","type":2,"optionCode":"user_invite"},{"code":"udp_orgoumgmt","type":2,"optionCode":"user_unlock"},{"code":"udp_orgoumgmt","type":2,"optionCode":"department_delete"},{"code":"udp_orgoumgmt","type":2,"optionCode":"user_batch_enable"},{"code":"udp_orgoumgmt","type":2,"optionCode":"department_export"},{"code":"udp_orgoumgmt","type":2,"optionCode":"department_batch_add"},{"code":"udp_orgoumgmt","type":2,"optionCode":"department_sort"},{"code":"udp_orgoumgmt","type":2,"optionCode":"user_batch_disable"},{"code":"udp_orgoumgmt","type":2,"optionCode":"user_choose_direct_manager"},{"code":"udp_orgoumgmt","type":2,"optionCode":"department_edit"},{"code":"udp_orgoumgmt","type":2,"optionCode":"department_list_get"},{"code":"udp_orgoumgmt","type":2,"optionCode":"enterprise_name_get"},{"code":"udp_orgoumgmt","type":2,"optionCode":"department_set_virtual"},{"code":"udp_orgoumgmt","type":2,"optionCode":"user_unbind_email"},{"code":"udp_orgoumgmt","type":2,"optionCode":"user_disable"},{"code":"udp_orgoumgmt","type":2,"optionCode":"user_enable"},{"code":"udp_orgoumgmt","type":2,"optionCode":"user_batch_reset_password"},{"code":"udp_orgoumgmt","type":2,"optionCode":"position_classify_get"},{"code":"udp_orgoumgmt","type":2,"optionCode":"user_reset_password"},{"code":"ote_exam_lib_mgmt","type":2,"optionCode":"examination_paper_classify_delete"},{"code":"ote_exam_lib_mgmt","type":2,"optionCode":"examination_paper_move"},{"code":"ote_exam_lib_mgmt","type":2,"optionCode":"examination_paper_classify_disable"},{"code":"ote_exam_lib_mgmt","type":2,"optionCode":"examination_paper_strategy"},{"code":"ote_exam_lib_mgmt","type":2,"optionCode":"examination_paper_share"},{"code":"ote_exam_lib_mgmt","type":2,"optionCode":"examination_paper_edit"},{"code":"ote_exam_lib_mgmt","type":2,"optionCode":"examination_paper_overview_fixed"},{"code":"ote_exam_lib_mgmt","type":2,"optionCode":"examination_paper_export_fixed"},{"code":"ote_exam_lib_mgmt","type":2,"optionCode":"examination_paper_delete"},{"code":"ote_exam_lib_mgmt","type":2,"optionCode":"random_examination_paper_set"},{"code":"ote_exam_lib_mgmt","type":2,"optionCode":"examination_paper_export_random"},{"code":"ote_exam_lib_mgmt","type":2,"optionCode":"examination_paper_classify_move"},{"code":"ote_exam_lib_mgmt","type":2,"optionCode":"examination_paper_remove_random"},{"code":"ote_exam_lib_mgmt","type":2,"optionCode":"examination_paper_classify_add"},{"code":"ote_exam_lib_mgmt","type":2,"optionCode":"fast_examination_paper_set"},{"code":"ote_exam_lib_mgmt","type":2,"optionCode":"examination_paper_classify_edit"},{"code":"ote_exam_lib_mgmt","type":2,"optionCode":"examination_paper_disable"},{"code":"ote_exam_lib_mgmt","type":2,"optionCode":"examination_paper_classify_get"},{"code":"ote_exam_lib_mgmt","type":2,"optionCode":"examination_paper_get"},{"code":"ote_exam_lib_mgmt","type":2,"optionCode":"examination_paper_inspection_point"},{"code":"ote_exam_lib_mgmt","type":2,"optionCode":"examination_paper_preview_fixed"},{"code":"ote_exam_lib_mgmt","type":2,"optionCode":"examination_paper_save_random"},{"code":"ote_exam_lib_mgmt","type":2,"optionCode":"examination_paper_remove_fixed"},{"code":"ote_exam_lib_mgmt","type":2,"optionCode":"examination_paper_publish"},{"code":"ote_exam_lib_mgmt","type":2,"optionCode":"examination_paper_depublicate"},{"code":"ote_exam_lib_mgmt","type":2,"optionCode":"examination_paper_overview_random"},{"code":"ote_exam_lib_mgmt","type":2,"optionCode":"examination_paper_preview_random"},{"code":"ote_exam_lib_mgmt","type":2,"optionCode":"fixed_examination_paper_set"},{"code":"ote_exam_lib_mgmt","type":2,"optionCode":"examination_paper_detail_get"},{"code":"ote_exam_lib_mgmt","type":2,"optionCode":"examination_paper_audit"},{"code":"ote_exam_lib_mgmt","type":2,"optionCode":"examination_paper_save_fixed"},{"code":"core_rolepermission","type":2,"optionCode":"role_duplicate"},{"code":"core_rolepermission","type":2,"optionCode":"role_auth_user_get"},{"code":"core_rolepermission","type":2,"optionCode":"role_delete"},{"code":"core_rolepermission","type":2,"optionCode":"auth_user_add"},{"code":"core_rolepermission","type":2,"optionCode":"auth_user_batch_cancel"},{"code":"core_rolepermission","type":2,"optionCode":"role_manage"},{"code":"core_rolepermission","type":2,"optionCode":"auth_user_cancel"},{"code":"core_rolepermission","type":2,"optionCode":"role_edit"},{"code":"core_rolepermission","type":2,"optionCode":"auth_user_batch_import"},{"code":"core_rolepermission","type":2,"optionCode":"role_set_detail_auth"},{"code":"core_rolepermission","type":2,"optionCode":"role_add"},{"code":"core_rolepermission","type":2,"optionCode":"role_set_data_auth"},{"code":"core_rolepermission","type":2,"optionCode":"role_set_auth"},{"code":"o2o_train_template","type":2,"optionCode":"trainScene_itemTemplates_manage"},{"code":"o2o_train_template","type":2,"optionCode":"item_templates_get"},{"code":"ote_arrange","type":2,"optionCode":"*"},{"code":"ote_arrange_mgmt","type":2,"optionCode":"exam_import_tourists"},{"code":"ote_arrange_mgmt","type":2,"optionCode":"exam_appoint_resit"},{"code":"ote_arrange_mgmt","type":2,"optionCode":"exam_trainee_batch_detach"},{"code":"ote_arrange_mgmt","type":2,"optionCode":"make_up_exam_appoint_resit"},{"code":"ote_arrange_mgmt","type":2,"optionCode":"exam_questions_analysis_data_get"},{"code":"ote_arrange_mgmt","type":2,"optionCode":"exam_delete"},{"code":"ote_arrange_mgmt","type":2,"optionCode":"exam_info_get"},{"code":"ote_arrange_mgmt","type":2,"optionCode":"statistics_examination_paper_get"},{"code":"ote_arrange_mgmt","type":2,"optionCode":"message_mould_set"},{"code":"ote_arrange_mgmt","type":2,"optionCode":"statistics_join_times_get"},{"code":"ote_arrange_mgmt","type":2,"optionCode":"exam_notice"},{"code":"ote_arrange_mgmt","type":2,"optionCode":"exam_info_set"},{"code":"ote_arrange_mgmt","type":2,"optionCode":"exam_trainee_detach"},{"code":"ote_arrange_mgmt","type":2,"optionCode":"exam_edit"},{"code":"ote_arrange_mgmt","type":2,"optionCode":"statistics_accuracy_get"},{"code":"ote_arrange_mgmt","type":2,"optionCode":"make_up_exam_candidate_get"},{"code":"ote_arrange_mgmt","type":2,"optionCode":"console_visit"},{"code":"ote_arrange_mgmt","type":2,"optionCode":"exam_save"},{"code":"ote_arrange_mgmt","type":2,"optionCode":"exam_publish"},{"code":"ote_arrange_mgmt","type":2,"optionCode":"exam_readover_set"},{"code":"ote_arrange_mgmt","type":2,"optionCode":"exam_trainee_add"},{"code":"ote_arrange_mgmt","type":2,"optionCode":"make_up_exam_reexamination"},{"code":"ote_arrange_mgmt","type":2,"optionCode":"exam_save_notice"},{"code":"ote_arrange_mgmt","type":2,"optionCode":"statistics_join_number_get"},{"code":"ote_arrange_mgmt","type":2,"optionCode":"statistics_Outstanding_get"},{"code":"ote_arrange_mgmt","type":2,"optionCode":"exam_share"},{"code":"ote_arrange_mgmt","type":2,"optionCode":"exam_questions_export"},{"code":"ote_arrange_mgmt","type":2,"optionCode":"statistics_points_get"},{"code":"ote_arrange_mgmt","type":2,"optionCode":"make_up_exam_answer"},{"code":"ote_arrange_mgmt","type":2,"optionCode":"exam_get"},{"code":"ote_arrange_mgmt","type":2,"optionCode":"exam_synchronize"},{"code":"ote_arrange_mgmt","type":2,"optionCode":"statistics_percent_of_pass_get"},{"code":"ote_arrange_mgmt","type":2,"optionCode":"exam_save_exam"},{"code":"ote_arrange_mgmt","type":2,"optionCode":"exam_end"},{"code":"ote_arrange_mgmt","type":2,"optionCode":"exam_linking"},{"code":"ote_arrange_mgmt","type":2,"optionCode":"make_up_exam_export"},{"code":"ote_arrange_mgmt","type":2,"optionCode":"exam_questions_detail_get"},{"code":"ote_arrange_mgmt","type":2,"optionCode":"exam_trainee_get"},{"code":"ote_arrange_mgmt","type":2,"optionCode":"exam_export"},{"code":"ote_arrange_mgmt","type":2,"optionCode":"exam_add_appoint_owner"},{"code":"ote_arrange_mgmt","type":2,"optionCode":"make_up_exam_analysis_data"},{"code":"ote_arrange_mgmt","type":2,"optionCode":"exam_info_edit"},{"code":"ote_arrange_mgmt","type":2,"optionCode":"exam_analysis_data"},{"code":"ote_arrange_mgmt","type":2,"optionCode":"exam_depulicate"},{"code":"ote_arrange_mgmt","type":2,"optionCode":"exam_tracking_visit"},{"code":"ote_arrange_mgmt","type":2,"optionCode":"exam_answer"},{"code":"ote_arrange_mgmt","type":2,"optionCode":"make_up_exam_synchronize"},{"code":"ote_arrange_mgmt","type":2,"optionCode":"exam_add"},{"code":"ote_arrange_mgmt","type":2,"optionCode":"exam_candidate_get"},{"code":"ote_arrange_mgmt","type":2,"optionCode":"exam_reexamination"},{"code":"udp_index","type":2,"optionCode":"*"},{"code":"oms_st_mgmt","type":2,"optionCode":"page_link_delete"},{"code":"oms_st_mgmt","type":2,"optionCode":"template_obtain"},{"code":"oms_st_mgmt","type":2,"optionCode":"Page_QR_code_browse"},{"code":"oms_st_mgmt","type":2,"optionCode":"template_copy"},{"code":"oms_st_mgmt","type":2,"optionCode":"special_edit"},{"code":"oms_st_mgmt","type":2,"optionCode":"module_add"},{"code":"oms_st_mgmt","type":2,"optionCode":"special_list_get"},{"code":"oms_st_mgmt","type":2,"optionCode":"QR_code_browse"},{"code":"oms_st_mgmt","type":2,"optionCode":"column_data_obtain"},{"code":"oms_st_mgmt","type":2,"optionCode":"page_add"},{"code":"oms_st_mgmt","type":2,"optionCode":"link_add"},{"code":"oms_st_mgmt","type":2,"optionCode":"special_release"},{"code":"oms_st_mgmt","type":2,"optionCode":"special_delete"},{"code":"oms_st_mgmt","type":2,"optionCode":"page_link_add"},{"code":"oms_st_mgmt","type":2,"optionCode":"page_link_obtain"},{"code":"oms_st_mgmt","type":2,"optionCode":"template_use"},{"code":"oms_st_mgmt","type":2,"optionCode":"module_edit"},{"code":"oms_st_mgmt","type":2,"optionCode":"template_delete"},{"code":"oms_st_mgmt","type":2,"optionCode":"special_add"},{"code":"o2o_train_scene","type":2,"optionCode":"trainScene_manage"},{"code":"o2o_train_scene","type":2,"optionCode":"train_scene_get"},{"code":"kng_mgmt_all","type":2,"optionCode":"*"},{"code":"ssp_credit_set","type":2,"optionCode":"credits_set"},{"code":"ssp_credit_set","type":2,"optionCode":"credits_Personalize_setting"},{"code":"ote_ques_lib_mgmt","type":2,"optionCode":"examination_quetions_batch_delete"},{"code":"ote_ques_lib_mgmt","type":2,"optionCode":"question_bank_classify_delete"},{"code":"ote_ques_lib_mgmt","type":2,"optionCode":"question_bank_classify_get"},{"code":"ote_ques_lib_mgmt","type":2,"optionCode":"question_bank_disable"},{"code":"ote_ques_lib_mgmt","type":2,"optionCode":"examination_quetions_quick_add"},{"code":"ote_ques_lib_mgmt","type":2,"optionCode":"examination_quetions_Submit_for_review"},{"code":"ote_ques_lib_mgmt","type":2,"optionCode":"examination_quetions_share"},{"code":"ote_ques_lib_mgmt","type":2,"optionCode":"question_bank_classify_move"},{"code":"ote_ques_lib_mgmt","type":2,"optionCode":"examination_quetions_get"},{"code":"ote_ques_lib_mgmt","type":2,"optionCode":"question_bank_classify_add"},{"code":"ote_ques_lib_mgmt","type":2,"optionCode":"examination_quetions_detail_get"},{"code":"ote_ques_lib_mgmt","type":2,"optionCode":"question_bank_delete"},{"code":"ote_ques_lib_mgmt","type":2,"optionCode":"examination_quetions_edit"},{"code":"ote_ques_lib_mgmt","type":2,"optionCode":"examination_quetions_batch_set_exam_point"},{"code":"ote_ques_lib_mgmt","type":2,"optionCode":"examination_quetions_add"},{"code":"ote_ques_lib_mgmt","type":2,"optionCode":"examination_quetions_import"},{"code":"ote_ques_lib_mgmt","type":2,"optionCode":"examination_quetions_delete"},{"code":"ote_ques_lib_mgmt","type":2,"optionCode":"examination_quetions_batch_move"},{"code":"ote_ques_lib_mgmt","type":2,"optionCode":"examination_quetions_disable"},{"code":"ote_ques_lib_mgmt","type":2,"optionCode":"examination_quetions_export"},{"code":"ote_ques_lib_mgmt","type":2,"optionCode":"examination_quetions_duplicate_removal"},{"code":"ote_ques_lib_mgmt","type":2,"optionCode":"question_bank_classify_disable"},{"code":"ote_ques_lib_mgmt","type":2,"optionCode":"question_bank_manage"},{"code":"ote_ques_lib_mgmt","type":2,"optionCode":"question_bank_get"},{"code":"ote_ques_lib_mgmt","type":2,"optionCode":"question_bank_tatistical_accuracy"},{"code":"ote_ques_lib_mgmt","type":2,"optionCode":"examination_quetions_move"},{"code":"ote_ques_lib_mgmt","type":2,"optionCode":"question_bank_add"},{"code":"ote_ques_lib_mgmt","type":2,"optionCode":"question_bank_classify_edit"},{"code":"ote_ques_lib_mgmt","type":2,"optionCode":"question_bank_edit"},{"code":"ote_ques_lib_mgmt","type":2,"optionCode":"question_bank_classify_enable"},{"code":"ote_ques_lib_mgmt","type":2,"optionCode":"examination_quetions_batch_disable"},{"code":"ote_ques_lib_mgmt","type":2,"optionCode":"question_bank2_tatistical_accuracy"},{"code":"ote_ques_lib_mgmt","type":2,"optionCode":"examination_questions_synchronous"},{"code":"survey_template","type":2,"optionCode":"investigate_moudle_delete"},{"code":"survey_template","type":2,"optionCode":"investigate_moudle_add"},{"code":"survey_template","type":2,"optionCode":"investigate_moudle_depublicate"},{"code":"survey_template","type":2,"optionCode":"investigate_moudle_publish"},{"code":"survey_template","type":2,"optionCode":"investigate_moudle_edit"},{"code":"survey_template","type":2,"optionCode":"investigate_moudle_get"},{"code":"kng_mgmt","type":2,"optionCode":"Knowledge_bulkdisplay"},{"code":"kng_mgmt","type":2,"optionCode":"MicroCourseOwner_appoint"},{"code":"kng_mgmt","type":2,"optionCode":"Knowledge_delete"},{"code":"kng_mgmt","type":2,"optionCode":"MicroCourse_upload"},{"code":"kng_mgmt","type":2,"optionCode":"Scorm_upload"},{"code":"kng_mgmt","type":2,"optionCode":"KnowledgeAssistantlecturer_appoint"},{"code":"kng_mgmt","type":2,"optionCode":"PartKnowledge_Export"},{"code":"kng_mgmt","type":2,"optionCode":"Courselecturer_appoint"},{"code":"kng_mgmt","type":2,"optionCode":"KnowledgeCatalog_delete"},{"code":"kng_mgmt","type":2,"optionCode":"MicroCourselecturer_appoint"},{"code":"kng_mgmt","type":2,"optionCode":"KnowledgeCatalog_view"},{"code":"kng_mgmt","type":2,"optionCode":"KnowledgeCatalog_edit"},{"code":"kng_mgmt","type":2,"optionCode":"AllKnowledge_Export"},{"code":"kng_mgmt","type":2,"optionCode":"view_auth_setting"},{"code":"kng_mgmt","type":2,"optionCode":"Knowledge_bulkoff"},{"code":"kng_mgmt","type":2,"optionCode":"Graphic_create"},{"code":"kng_mgmt","type":2,"optionCode":"Html_upload"},{"code":"kng_mgmt","type":2,"optionCode":"Knowledge_bulkhide"},{"code":"kng_mgmt","type":2,"optionCode":"Doc_create"},{"code":"kng_mgmt","type":2,"optionCode":"Knowledge_view"},{"code":"kng_mgmt","type":2,"optionCode":"Files_upload"},{"code":"kng_mgmt","type":2,"optionCode":"KnowledgeCatalog_move_knowledge_Course"},{"code":"kng_mgmt","type":2,"optionCode":"Article_create"},{"code":"kng_mgmt","type":2,"optionCode":"Knowledge_move"},{"code":"kng_mgmt","type":2,"optionCode":"KnowledgeCatalog_create"},{"code":"kng_mgmt","type":2,"optionCode":"knowledge_strategy_application"},{"code":"kng_mgmt","type":2,"optionCode":"KnowledgeCatalog_bulkcreate"},{"code":"kng_mgmt","type":2,"optionCode":"KnowledgeOwner_appoint"},{"code":"kng_mgmt","type":2,"optionCode":"MicroCourseAssistantlecturer_appoint"},{"code":"kng_mgmt","type":2,"optionCode":"GraphicDubbing_create"},{"code":"kng_mgmt","type":2,"optionCode":"CourseAssistantlecturer_appoint"},{"code":"kng_mgmt","type":2,"optionCode":"Knowledgelecturer_appoint"},{"code":"kng_mgmt","type":2,"optionCode":"Knowledge_bulkmove"},{"code":"kng_mgmt","type":2,"optionCode":"Knowledge_bulkput"},{"code":"kng_mgmt","type":2,"optionCode":"Course_create"},{"code":"kng_mgmt","type":2,"optionCode":"KnowledgeCatalog_move"},{"code":"kng_mgmt","type":2,"optionCode":"Knowledge_edit"},{"code":"kng_mgmt","type":2,"optionCode":"MicroVideo_create"},{"code":"kng_mgmt","type":2,"optionCode":"Knowledge_bulkdelete"},{"code":"kng_mgmt","type":2,"optionCode":"CourseOwner_appoint"},{"code":"o2o_train_responsible","type":2,"optionCode":"*"},{"code":"ssp_credit_mgmt","type":2,"optionCode":"credits_batch_change"},{"code":"ssp_credit_mgmt","type":2,"optionCode":"credits_trainee_get"},{"code":"ssp_credit_mgmt","type":2,"optionCode":"credits_change"},{"code":"ssp_credit_mgmt","type":2,"optionCode":"credits_detail_get"},{"code":"jf_account_mgmt","type":2,"optionCode":"transactionRecord_view"},{"code":"jf_account_mgmt","type":2,"optionCode":"rechargeAgreement_set"},{"code":"jf_account_mgmt","type":2,"optionCode":"rechargePoints_set"},{"code":"jf_account_mgmt","type":2,"optionCode":"pointsMall_set"},{"code":"jf_account_mgmt","type":2,"optionCode":"enterpriseAccount_set"},{"code":"jf_account_mgmt","type":2,"optionCode":"pointsExchange_edit"},{"code":"jf_account_mgmt","type":2,"optionCode":"earlyWarning_set"},{"code":"jf_account_mgmt","type":2,"optionCode":"rechargeRecord_view"},{"code":"jf_account_mgmt","type":2,"optionCode":"exchange_view"},{"code":"core_safepreparation_mgmt_account","type":2,"optionCode":"account_security_set"},{"code":"course_mgmt","type":2,"optionCode":"mall_go"},{"code":"course_mgmt","type":2,"optionCode":"PurchasedCourses_import"},{"code":"course_mgmt","type":2,"optionCode":"Course_order"},{"code":"course_mgmt","type":2,"optionCode":"CourseOrder_view"},{"code":"course_mgmt","type":2,"optionCode":"PurchasedCourses_getCatalog"},{"code":"course_mgmt","type":2,"optionCode":"PurchasedCourses_add"},{"code":"course_mgmt","type":2,"optionCode":"Courses_Export"},{"code":"course_mgmt","type":2,"optionCode":"PurchasedCourses_view"},{"code":"course_mgmt","type":2,"optionCode":"CourseOrder_view1"},{"code":"msg_tuwen_mgmt","type":2,"optionCode":"notice_cancel_time_publish"},{"code":"msg_tuwen_mgmt","type":2,"optionCode":"notice_batch_delete"},{"code":"msg_tuwen_mgmt","type":2,"optionCode":"notice_get"},{"code":"msg_tuwen_mgmt","type":2,"optionCode":"notice_time_publish"},{"code":"msg_tuwen_mgmt","type":2,"optionCode":"notice_edit"},{"code":"msg_tuwen_mgmt","type":2,"optionCode":"notice_add"},{"code":"msg_tuwen_mgmt","type":2,"optionCode":"notice_save_and_publish"},{"code":"msg_tuwen_mgmt","type":2,"optionCode":"notice_draft"},{"code":"msg_tuwen_mgmt","type":2,"optionCode":"notice_delete"},{"code":"msg_tuwen_mgmt","type":2,"optionCode":"notice_depublicate"},{"code":"bbs_mgmt_board","type":2,"optionCode":"bbsSection_code"},{"code":"bbs_mgmt_board","type":2,"optionCode":"bbsSection_edit_set_visible"},{"code":"bbs_mgmt_board","type":2,"optionCode":"bbsSort_add"},{"code":"bbs_mgmt_board","type":2,"optionCode":"bbsSection_delete"},{"code":"bbs_mgmt_board","type":2,"optionCode":"bbsSort_edit"},{"code":"bbs_mgmt_board","type":2,"optionCode":"bbsSection_add_set_visible"},{"code":"bbs_mgmt_board","type":2,"optionCode":"bbsSort_delete"},{"code":"bbs_mgmt_board","type":2,"optionCode":"bbsSection_add"},{"code":"bbs_mgmt_board","type":2,"optionCode":"bbsSort_move"},{"code":"bbs_mgmt_board","type":2,"optionCode":"bbsSection_edit"},{"code":"bbs_mgmt_board","type":2,"optionCode":"bbsSection_move"},{"code":"core_homepage","type":2,"optionCode":"*"},{"code":"jf_mgmt","type":2,"optionCode":"*"},{"code":"te_lib","type":2,"optionCode":"ineranl_lecturer_import"},{"code":"te_lib","type":2,"optionCode":"lecturer_knowledge_get"},{"code":"te_lib","type":2,"optionCode":"lecturer_train_get"},{"code":"te_lib","type":2,"optionCode":"lecturer_delete"},{"code":"te_lib","type":2,"optionCode":"lecturer_add_external_lecturer"},{"code":"te_lib","type":2,"optionCode":"lecturer_add"},{"code":"te_lib","type":2,"optionCode":"external_lecturer_import"},{"code":"te_lib","type":2,"optionCode":"lecturer_calendar_get"},{"code":"te_lib","type":2,"optionCode":"lecturer_get"},{"code":"te_lib","type":2,"optionCode":"lecturer_export"},{"code":"te_lib","type":2,"optionCode":"lecturer_add_ineranl_lecturer"},{"code":"te_lib","type":2,"optionCode":"lecturer_edit"},{"code":"cc_mgmt_comment","type":2,"optionCode":"comment_batch_forbid"},{"code":"cc_mgmt_comment","type":2,"optionCode":"comment_obtain"},{"code":"cc_mgmt_comment","type":2,"optionCode":"comment_shield"},{"code":"cc_mgmt_comment","type":2,"optionCode":"comment_forbid"},{"code":"cc_mgmt_comment","type":2,"optionCode":"comment_unshield"},{"code":"cc_mgmt_comment","type":2,"optionCode":"comment_batch_shield"},{"code":"cc_mgmt_comment","type":2,"optionCode":"comment_export"},{"code":"bbs_setting_index","type":2,"optionCode":"bbsBasic_set"},{"code":"decorate_mobile","type":2,"optionCode":"decoration_general_management"},{"code":"te_levelmgmt","type":2,"optionCode":"lecturer_detail_train_get"},{"code":"te_levelmgmt","type":2,"optionCode":"lecturer_level_export"},{"code":"te_levelmgmt","type":2,"optionCode":"lecturer_level_get"},{"code":"te_levelmgmt","type":2,"optionCode":"lecturer_detail_knowledge_get"},{"code":"te_levelmgmt","type":2,"optionCode":"lecturer_level_set_rule"},{"code":"te_levelmgmt","type":2,"optionCode":"lecturer_level_operate"},{"code":"ssp_learn_set","type":2,"optionCode":"*"},{"code":"ote_ques_audit_mgmt","type":2,"optionCode":"examination_quetions_detail_get"},{"code":"ote_ques_audit_mgmt","type":2,"optionCode":"examination_quetions_reviewed_data_get"},{"code":"ote_ques_audit_mgmt","type":2,"optionCode":"examination_quetions_reviewed"},{"code":"ote_ques_audit_mgmt","type":2,"optionCode":"examination_quetions_batch_reviewed"},{"code":"ote_ques_audit_mgmt","type":2,"optionCode":"examination_quetions_all_pass"},{"code":"o2o_dept_jurisdiction","type":2,"optionCode":"item_get"},{"code":"udp_positionmgmt","type":2,"optionCode":"position_class_get"},{"code":"udp_positionmgmt","type":2,"optionCode":"position_delete"},{"code":"udp_positionmgmt","type":2,"optionCode":"position_edit"},{"code":"udp_positionmgmt","type":2,"optionCode":"position_class_edit"},{"code":"udp_positionmgmt","type":2,"optionCode":"position_add"},{"code":"udp_positionmgmt","type":2,"optionCode":"position_classify_delete"},{"code":"udp_positionmgmt","type":2,"optionCode":"position_get"},{"code":"udp_positionmgmt","type":2,"optionCode":"position_batch_delete"},{"code":"udp_positionmgmt","type":2,"optionCode":"position_classify_edit"},{"code":"udp_positionmgmt","type":2,"optionCode":"position_classify_add"},{"code":"udp_positionmgmt","type":2,"optionCode":"position_batch_add"},{"code":"udp_positionmgmt","type":2,"optionCode":"position_batch_move"},{"code":"udp_positionmgmt","type":2,"optionCode":"position_class_delete"},{"code":"udp_positionmgmt","type":2,"optionCode":"position_classify_get"},{"code":"udp_positionmgmt","type":2,"optionCode":"position_class_add"},{"code":"cc_mgmt_sensitive","type":2,"optionCode":"sensitive_words_add"},{"code":"cc_mgmt_sensitive","type":2,"optionCode":"sensitive_words_open"},{"code":"cc_mgmt_sensitive","type":2,"optionCode":"sensitive_words_delete"},{"code":"cc_mgmt_sensitive","type":2,"optionCode":"sensitive_words_iexport"},{"code":"cc_mgmt_sensitive","type":2,"optionCode":"sensitive_words_obtain"},{"code":"cc_mgmt_sensitive","type":2,"optionCode":"sensitive_words_forbid"},{"code":"cc_mgmt_sensitive","type":2,"optionCode":"sensitive_words_import"},{"code":"ote_mark","type":2,"optionCode":"exam_get_approval"},{"code":"ote_mark","type":2,"optionCode":"exam_submit_approval"},{"code":"ote_mark","type":2,"optionCode":"exam_student_approval"},{"code":"ote_mark","type":2,"optionCode":"exam_quick_marking"},{"code":"ote_mark","type":2,"optionCode":"exam_view_student_details"},{"code":"ote_mark","type":2,"optionCode":"exam_get_student_approval"},{"code":"ote_mark","type":2,"optionCode":"exam_view_details"},{"code":"package_mgmt","type":2,"optionCode":"SalesPackageCourse_view"},{"code":"package_mgmt","type":2,"optionCode":"SalesPackage_Export"},{"code":"package_mgmt","type":2,"optionCode":"SalesPackageCourse_Export"},{"code":"package_mgmt","type":2,"optionCode":"SalesPackage_import"},{"code":"package_mgmt","type":2,"optionCode":"SalesPackage_add"},{"code":"package_mgmt","type":2,"optionCode":"SalesPackage_view"},{"code":"package_mgmt","type":2,"optionCode":"SalesPackageCourses_getCatalog"},{"code":"ote_exam_audit_mgmt","type":2,"optionCode":"examination_paper_reviewed_data_get"},{"code":"ote_exam_audit_mgmt","type":2,"optionCode":"examination_paper_batch_reviewed"},{"code":"ote_exam_audit_mgmt","type":2,"optionCode":"examination_paper_detail_get"},{"code":"ote_exam_audit_mgmt","type":2,"optionCode":"examination_paper_reviewed"},{"code":"ote_exam_audit_mgmt","type":2,"optionCode":"examination_paper_all_pass"},{"code":"buy_mgmt","type":2,"optionCode":"*"},{"code":"decorate_web","type":2,"optionCode":"*"},{"code":"core_safepreparation_mgmt_login","type":2,"optionCode":"login_security_set"},{"code":"convert_mgmt","type":2,"optionCode":"Transcoding_view"},{"code":"convert_mgmt","type":2,"optionCode":"Transcoding_Cancel"},{"code":"bbs_mgmt","type":2,"optionCode":"bbsSection_view"},{"code":"bbs_mgmt","type":2,"optionCode":"bbsSort_view"},{"code":"bbs_setting_topic","type":2,"optionCode":"topic_view"},{"code":"bbs_setting_topic","type":2,"optionCode":"topic_code"},{"code":"bbs_setting_topic","type":2,"optionCode":"topicBatch_delete"},{"code":"bbs_setting_topic","type":2,"optionCode":"topic_edit"},{"code":"bbs_setting_topic","type":2,"optionCode":"topic_add"},{"code":"bbs_setting_topic","type":2,"optionCode":"topic_export"},{"code":"bbs_setting_topic","type":2,"optionCode":"topic_delete"},{"code":"ssp_operating_tools","type":2,"optionCode":"*"},{"code":"ssp_point_mgmt","type":2,"optionCode":"points_clear_history_get"},{"code":"ssp_point_mgmt","type":2,"optionCode":"points_change"},{"code":"ssp_point_mgmt","type":2,"optionCode":"points_trainer_detail_get"},{"code":"ssp_point_mgmt","type":2,"optionCode":"points_batch_change"},{"code":"ssp_point_mgmt","type":2,"optionCode":"points_trainee_get"},{"code":"ssp_point_mgmt","type":2,"optionCode":"points_clear"},{"code":"operationsCenter","type":2,"optionCode":"*"},{"code":"jf_commodity_mgmt","type":2,"optionCode":"goods_delete"},{"code":"jf_commodity_mgmt","type":2,"optionCode":"onOff_set"},{"code":"jf_commodity_mgmt","type":2,"optionCode":"goods_edit"},{"code":"jf_commodity_mgmt","type":2,"optionCode":"recycleGoods_view"},{"code":"jf_commodity_mgmt","type":2,"optionCode":"goodsList_view"},{"code":"jf_commodity_mgmt","type":2,"optionCode":"thirdGoods_add"},{"code":"jf_commodity_mgmt","type":2,"optionCode":"onOffBatch_set"},{"code":"jf_commodity_mgmt","type":2,"optionCode":"goods_export"},{"code":"jf_commodity_mgmt","type":2,"optionCode":"recommend_set"},{"code":"jf_commodity_mgmt","type":2,"optionCode":"enterpriseGoods_add"},{"code":"jf_commodity_mgmt","type":2,"optionCode":"samePrice_set"},{"code":"bbs_mgmt_post","type":2,"optionCode":"bbsPost_view"},{"code":"bbs_mgmt_post","type":2,"optionCode":"bbsPost_code"},{"code":"bbs_mgmt_post","type":2,"optionCode":"bbsPostRecommend_set"},{"code":"bbs_mgmt_post","type":2,"optionCode":"bbsPost_pass"},{"code":"bbs_mgmt_post","type":2,"optionCode":"bbsPostBatch_change"},{"code":"bbs_mgmt_post","type":2,"optionCode":"bbsPost_change"},{"code":"bbs_mgmt_post","type":2,"optionCode":"bbsPostGlobal_set"},{"code":"bbs_mgmt_post","type":2,"optionCode":"bbsPostSection_set"},{"code":"bbs_mgmt_post","type":2,"optionCode":"bbsPost_export"},{"code":"bbs_mgmt_post","type":2,"optionCode":"bbsPost_delete"},{"code":"bbs_mgmt_post","type":2,"optionCode":"bbsPostBatch_delete"},{"code":"ote_exam","type":2,"optionCode":"*"},{"code":"bbs_mgmt_question","type":2,"optionCode":"bbsQuestionSection_set"},{"code":"bbs_mgmt_question","type":2,"optionCode":"bbsQuestion_delete"},{"code":"bbs_mgmt_question","type":2,"optionCode":"bbsQuestion_change"},{"code":"bbs_mgmt_question","type":2,"optionCode":"bbsQuestion_view"},{"code":"bbs_mgmt_question","type":2,"optionCode":"bbsQuestion_code"},{"code":"bbs_mgmt_question","type":2,"optionCode":"bbsQuestion_close"},{"code":"bbs_mgmt_question","type":2,"optionCode":"bbsQuestionBatch_change"},{"code":"bbs_mgmt_question","type":2,"optionCode":"bbsQuestionGlobal_set"},{"code":"bbs_mgmt_question","type":2,"optionCode":"bbsQuestion_pass"},{"code":"bbs_mgmt_question","type":2,"optionCode":"bbsQuestionBatch_delete"},{"code":"bbs_mgmt_question","type":2,"optionCode":"bbsQuestion_export"},{"code":"core_safepreparation_mgmt_secret","type":2,"optionCode":"confidentiality_agreement_set"},{"code":"utility_tag_mgmt","type":2,"optionCode":"label_choose"},{"code":"utility_tag_mgmt","type":2,"optionCode":"specialist_label_get"},{"code":"utility_tag_mgmt","type":2,"optionCode":"item_label_get"},{"code":"utility_tag_mgmt","type":2,"optionCode":"knowledge_label_group_get"},{"code":"utility_tag_mgmt","type":2,"optionCode":"supervisor_label_get"},{"code":"utility_tag_mgmt","type":2,"optionCode":"exampaper_label_group_get"},{"code":"utility_tag_mgmt","type":2,"optionCode":"item_label_group_get"},{"code":"utility_tag_mgmt","type":2,"optionCode":"label_edit"},{"code":"utility_tag_mgmt","type":2,"optionCode":"label_enable"},{"code":"utility_tag_mgmt","type":2,"optionCode":"lecturer_label_get"},{"code":"utility_tag_mgmt","type":2,"optionCode":"knowledge_label_get"},{"code":"utility_tag_mgmt","type":2,"optionCode":"label_group_enable"},{"code":"utility_tag_mgmt","type":2,"optionCode":"label_group_disable"},{"code":"utility_tag_mgmt","type":2,"optionCode":"label_delete"},{"code":"utility_tag_mgmt","type":2,"optionCode":"information_label_get"},{"code":"utility_tag_mgmt","type":2,"optionCode":"supervisor_label_group_get"},{"code":"utility_tag_mgmt","type":2,"optionCode":"label_add"},{"code":"utility_tag_mgmt","type":2,"optionCode":"lecturer_label_group_get"},{"code":"utility_tag_mgmt","type":2,"optionCode":"specialist_label_group_get"},{"code":"utility_tag_mgmt","type":2,"optionCode":"label_group_add"},{"code":"utility_tag_mgmt","type":2,"optionCode":"information_label_group_get"},{"code":"utility_tag_mgmt","type":2,"optionCode":"label_input"},{"code":"utility_tag_mgmt","type":2,"optionCode":"exampaper_label_get"},{"code":"utility_tag_mgmt","type":2,"optionCode":"label_disable"},{"code":"utility_tag_mgmt","type":2,"optionCode":"label_group_edit"},{"code":"bbs_setting_expert","type":2,"optionCode":"expert_export"},{"code":"bbs_setting_expert","type":2,"optionCode":"expert_view"},{"code":"bbs_setting_expert","type":2,"optionCode":"expertTutor_select"},{"code":"bbs_setting_expert","type":2,"optionCode":"domain_manage"},{"code":"bbs_setting_expert","type":2,"optionCode":"expert_delete"},{"code":"bbs_setting_expert","type":2,"optionCode":"expertPersonnel_select"},{"code":"bbs_setting_expert","type":2,"optionCode":"expert_edit"},{"code":"ote_ques_lib","type":2,"optionCode":"*"},{"code":"my_enterprise","type":2,"optionCode":"*"},{"code":"ssp_point_mgmt_all","type":2,"optionCode":"*"},{"code":"cc_mgmt_opinion","type":2,"optionCode":"public_opinion_set"},{"code":"cc_mgmt_opinion","type":2,"optionCode":"public_opinion_browse"},{"code":"o2o_template_list","type":2,"optionCode":"*"},{"code":"jf_statement_mgmt","type":2,"optionCode":"thirdGoodsDetail_view"},{"code":"jf_statement_mgmt","type":2,"optionCode":"thirdGoodsDetail_export"},{"code":"jf_statement_mgmt","type":2,"optionCode":"thirdOrderDetail_view"},{"code":"jf_statement_mgmt","type":2,"optionCode":"thirdOrderDetail_export"},{"code":"course_operate","type":2,"optionCode":"Course_operate"},{"code":"udp_usergroup","type":2,"optionCode":"user_group_edit"},{"code":"udp_usergroup","type":2,"optionCode":"user_group_auth_staff"},{"code":"udp_usergroup","type":2,"optionCode":"user_group_batch_move"},{"code":"udp_usergroup","type":2,"optionCode":"user_group_add"},{"code":"udp_usergroup","type":2,"optionCode":"user_group_classify_delete"},{"code":"udp_usergroup","type":2,"optionCode":"user_group_auth_department"},{"code":"udp_usergroup","type":2,"optionCode":"user_group_get"},{"code":"udp_usergroup","type":2,"optionCode":"user_group_classify_edit"},{"code":"udp_usergroup","type":2,"optionCode":"user_group_classify_add"},{"code":"udp_usergroup","type":2,"optionCode":"user_group_classify_get"},{"code":"udp_usergroup","type":2,"optionCode":"user_group_auth_position"},{"code":"jf_order_mgmt","type":2,"optionCode":"deliverGoods_set"},{"code":"jf_order_mgmt","type":2,"optionCode":"cancelOrderBatch_set"},{"code":"jf_order_mgmt","type":2,"optionCode":"thirdGoodsDetail_view"},{"code":"jf_order_mgmt","type":2,"optionCode":"descriptionOrder_set"},{"code":"jf_order_mgmt","type":2,"optionCode":"editOrder_set"},{"code":"jf_order_mgmt","type":2,"optionCode":"cancelOrder_set"},{"code":"jf_order_mgmt","type":2,"optionCode":"finishOrder_set"},{"code":"jf_order_mgmt","type":2,"optionCode":"thirdOrderDetail_view"},{"code":"jf_order_mgmt","type":2,"optionCode":"enterpriseOrderDetail_export"},{"code":"bbs_setting_banner","type":2,"optionCode":"onOffBanner_set"},{"code":"bbs_setting_banner","type":2,"optionCode":"bbsBanner_delete"},{"code":"bbs_setting_banner","type":2,"optionCode":"bbsBanner_view"},{"code":"bbs_setting_banner","type":2,"optionCode":"bbsBanner_edit"},{"code":"bbs_setting_banner","type":2,"optionCode":"bbsBanner_add"},{"code":"ssp_credit_mgmt_all","type":2,"optionCode":"*"},{"code":"core_safepreparationmgmt","type":2,"optionCode":"*"},{"code":"bbs_mgmt_comment","type":2,"optionCode":"bbsComment_view"},{"code":"bbs_mgmt_comment","type":2,"optionCode":"bbsComment_delete"},{"code":"bbs_mgmt_comment","type":2,"optionCode":"bbsCommentBatch_delete"},{"code":"bbs_mgmt_comment","type":2,"optionCode":"bbsComment_export"},{"code":"bbs_mgmt_comment","type":2,"optionCode":"bbsCommentDetail_view"},{"code":"cc_mgmt_slience","type":2,"optionCode":"forbidden_comment_obtain"},{"code":"cc_mgmt_slience","type":2,"optionCode":"forbidden_staff_obtain"},{"code":"cc_mgmt_slience","type":2,"optionCode":"comment_unforbid"},{"code":"kng_catalog_mgmt","type":2,"optionCode":"KnowledgeCatalog_move_knowledge_Course"},{"code":"kng_catalog_mgmt","type":2,"optionCode":"KnowledgeCatalog_edit"},{"code":"kng_catalog_mgmt","type":2,"optionCode":"KnowledgeCatalog_create"},{"code":"kng_catalog_mgmt","type":2,"optionCode":"KnowledgeCatalog_bulkcreate"},{"code":"kng_catalog_mgmt","type":2,"optionCode":"KnowledgeCatalog_move"},{"code":"kng_catalog_mgmt","type":2,"optionCode":"KnowledgeCatalog_delete"},{"code":"kng_catalog_mgmt","type":2,"optionCode":"Knowledge_view"},{"code":"kng_catalog_mgmt","type":2,"optionCode":"KnowledgeCatalog_view"},{"code":"ote_config","type":2,"optionCode":"exam_set"},{"code":"jf_lottery_mgmt","type":2,"optionCode":"*"},{"code":"bbs_mgmt_answer","type":2,"optionCode":"bbsAnswerBatch_delete"},{"code":"bbs_mgmt_answer","type":2,"optionCode":"bbsAnswer_delete"},{"code":"bbs_mgmt_answer","type":2,"optionCode":"bbsAnswer_view"},{"code":"bbs_mgmt_answer","type":2,"optionCode":"bbsAnswerDetail_view"},{"code":"bbs_mgmt_answer","type":2,"optionCode":"bbsBestAnswer_set"},{"code":"bbs_mgmt_answer","type":2,"optionCode":"bbsAnswer_export"},{"code":"core_enterprise_info","type":2,"optionCode":"enterptise_edit"},{"code":"core_enterprise_info","type":2,"optionCode":"enterptise_get"},{"code":"ssp_form_info","type":2,"optionCode":"*"},{"code":"jf_birth_mgmt","type":2,"optionCode":"birthdayGoodsPoints_set"},{"code":"jf_birth_mgmt","type":2,"optionCode":"birthdayGoods_delete"},{"code":"jf_birth_mgmt","type":2,"optionCode":"birthdayGoodsRecommend_set"},{"code":"jf_birth_mgmt","type":2,"optionCode":"birthdayGoods_add"},{"code":"jf_birth_mgmt","type":2,"optionCode":"birthdayGoods_set"},{"code":"jf_birth_mgmt","type":2,"optionCode":"birthdayGoods_view"},{"code":"kng_comments_mgmt","type":2,"optionCode":"KnowledgeComment_BulkNotPass"},{"code":"kng_comments_mgmt","type":2,"optionCode":"KnowledgeComment_BulkAudit"},{"code":"kng_comments_mgmt","type":2,"optionCode":"KnowledgeComment_BulkPass"},{"code":"kng_comments_mgmt","type":2,"optionCode":"KnowledgeComment_view"},{"code":"kng_comments_mgmt","type":2,"optionCode":"KnowledgeComment_Export"},{"code":"kng_comments_mgmt","type":2,"optionCode":"KnowledgeComment_BulkDelete"},{"code":"oms_mgmt","type":2,"optionCode":"*"},{"code":"cc_mgmt","type":2,"optionCode":"*"},{"code":"cer_mgmt","type":2,"optionCode":"certificate_staff_export"},{"code":"cer_mgmt","type":2,"optionCode":"certificate_add_other"},{"code":"cer_mgmt","type":2,"optionCode":"certificate_print_template"},{"code":"cer_mgmt","type":2,"optionCode":"certificate_deactive"},{"code":"cer_mgmt","type":2,"optionCode":"certificate_moudel_add"},{"code":"cer_mgmt","type":2,"optionCode":"certificate_edit"},{"code":"cer_mgmt","type":2,"optionCode":"certificate_presented"},{"code":"cer_mgmt","type":2,"optionCode":"certificate_entry_template"},{"code":"cer_mgmt","type":2,"optionCode":"certificate_export_info"},{"code":"cer_mgmt","type":2,"optionCode":"certificate_renew"},{"code":"cer_mgmt","type":2,"optionCode":"certificate_export"},{"code":"cer_mgmt","type":2,"optionCode":"certificate_export_template"},{"code":"cer_mgmt","type":2,"optionCode":"certificate_user_list_get"},{"code":"cer_mgmt","type":2,"optionCode":"certificate_user_detail_get"},{"code":"cer_mgmt","type":2,"optionCode":"certificate_moudel_edit"},{"code":"cer_mgmt","type":2,"optionCode":"certificate_download_template"},{"code":"cer_mgmt","type":2,"optionCode":"certificate_print"},{"code":"cer_mgmt","type":2,"optionCode":"certificate_list_get"},{"code":"cer_mgmt","type":2,"optionCode":"certificate_delete_template"},{"code":"cer_mgmt","type":2,"optionCode":"certificate_import_template"},{"code":"cer_mgmt","type":2,"optionCode":"certificate_download"},{"code":"cer_mgmt","type":2,"optionCode":"certificate_delete"},{"code":"kng_param_set","type":2,"optionCode":"KnowledgeSetting_view"},{"code":"kng_param_set","type":2,"optionCode":"KnowledgeSetting_set"},{"code":"down_center","type":2,"optionCode":"pcdownload_import_list_extent"},{"code":"down_center","type":2,"optionCode":"pcdownload_export_list_extent"},{"code":"Custom_decoration","type":2,"optionCode":"*"}],"showSecretProtocol":false}]]>
    </line>
    <line>
      <![CDATA[关闭数据库]]>
    </line>
    <line>
      <![CDATA[==登录]]>
    </line>
    <line>
      <![CDATA[url:http://api-core-phx.yunxuetang.com.cn/v2/auth/password]]>
    </line>
    <line>
      <![CDATA[params:{"password":"OOySWq8CNOJJQBI+rf9qCfOMsdL9HNnuxxm0uOshEZI=","domain":"boss-phx.yunxuetang.com.cn","userName":"YWRtaW4="}]]>
    </line>
    <line>
      <![CDATA[headers:Content-Type,application/json]]>
    </line>
    <line>
      <![CDATA[response:{"userInfo":{"token":"eyJhbGciOiJIUzUxMiJ9.eyJvcmdJZCI6ImE5OGIzNDFkLTI2ZDAtNGNmNy05YTM0LTA1MDY5NjE3M2MwMSIsInVzZXJJZCI6IjE0YTg4NTlhLWU2NTUtNGVkMy04YWFiLTY5NmEyM2Q3MDQwMiIsImZ1bGxOYW1lIjoi566h55CG5ZGYIiwiZXhwIjoxNjA2Mjg5NTU3fQ.1a8-Kxd9JIegDYojASXmTSU3SQNvVu8NJ1sicgrKnukGNiqedg5W4ZMomsBHwmyc9d92MVMoA_4MLvb6LyFGug","userId":"14a8859a-e655-4ed3-8aab-696a23d70402","orgId":"a98b341d-26d0-4cf7-9a34-050696173c01","username":"admin","fullname":"管理员","sex":"0","idNo":"","userNo":"","birthday":null,"hireDate":null,"email":"","mobile":"","imgUrl":"https://media-phx.yunxuetang.com.cn/udp/images/profiles/100.png","emailValidated":0,"mobileValidated":0,"orgName":"江苏云学堂信息网络有限公司","siteName":"云学堂运营平台","orgCode":"boss-phx","domain":"boss-phx.yunxuetang.com.cn","logoUrl":"https://picobd.yunxuetang.cn/sys/my/images/201811/f50f1ea399ef43a5b832fd54751fb4ee.png","clientKey":"","tokenTimeout":1209600,"deptId":"","deptName":"","parttimeDeptList":"","positionList":"","gradeId":"","gradeName":"","managerId":"","managerFullname":"","admin":1,"locale":"zh_CN","previousPcLoginTime":"2020-11-11 15:32:37","previousAppLoginTime":null,"previousLoginTime":"2020-11-11 15:32:37","basicChangedTime":null,"defaultPwd":true},"permissions":[],"showSecretProtocol":false}]]>
    </line>
    <line>
      <![CDATA[连接数据库]]>
    </line>
    <line>
      <![CDATA[==查询数据权限列表]]>
    </line>
    <line>
      <![CDATA[url:http://api-core-phx.yunxuetang.com.cn/v2/data/permission/info/search?offset=0&limit=10&orderby=orderIndex&keyword=&direction=ASC]]>
    </line>
    <line>
      <![CDATA[headers:source,501]]>
    </line>
    <line>
      <![CDATA[headers:Content-Type,application/json]]>
    </line>
    <line>
      <![CDATA[headers:token,eyJhbGciOiJIUzUxMiJ9.eyJvcmdJZCI6ImE5OGIzNDFkLTI2ZDAtNGNmNy05YTM0LTA1MDY5NjE3M2MwMSIsInVzZXJJZCI6IjE0YTg4NTlhLWU2NTUtNGVkMy04YWFiLTY5NmEyM2Q3MDQwMiIsImZ1bGxOYW1lIjoi566h55CG5ZGYIiwiZXhwIjoxNjA2Mjg5NTU3fQ.1a8-Kxd9JIegDYojASXmTSU3SQNvVu8NJ1sicgrKnukGNiqedg5W4ZMomsBHwmyc9d92MVMoA_4MLvb6LyFGug]]>
    </line>
    <line>
      <![CDATA[response:{"datas":[{"name":"zhtest数据权限1","code":"zhtestdatapoint1","orderIndex":1,"remark":"","catalogName":"岗位维度","componentCode":"data_auth_component_dept,data_auth_component_position","componentName":"部门,岗位","isShow":1,"tooltips":"说明文案","id":"d5fa7b0a-2b8d-43ea-92f4-724799b2b26d","createUserId":"0022d404-d970-4065-b83e-e8f496ae0f52","createFullname":"超级管理员","createTime":"2020-11-05 17:15:18","updateUserId":"0022d404-d970-4065-b83e-e8f496ae0f52","updateFullname":"超级管理员","updateTime":"2020-11-05 17:15:18"},{"name":"test004","code":"test110404","orderIndex":1,"remark":"","catalogName":"岗位维度","componentCode":"data_auth_component_select_user","componentName":"选人","isShow":0,"tooltips":"","id":"d50743e8-51ce-4f1b-a317-4c560559627e","createUserId":"0022d404-d970-4065-b83e-e8f496ae0f52","createFullname":"超级管理员","createTime":"2020-11-05 09:47:55","updateUserId":"0022d404-d970-4065-b83e-e8f496ae0f52","updateFullname":"超级管理员","updateTime":"2020-11-05 09:51:07"},{"name":"test003","code":"test110403","orderIndex":1,"remark":"","catalogName":"岗位维度","componentCode":"data_auth_component_select_user","componentName":"选人","isShow":0,"tooltips":"","id":"d37cb26b-88ac-487f-a571-c5a63f8a60c6","createUserId":"0022d404-d970-4065-b83e-e8f496ae0f52","createFullname":"超级管理员","createTime":"2020-11-04 15:34:58","updateUserId":"0022d404-d970-4065-b83e-e8f496ae0f52","updateFullname":"超级管理员","updateTime":"2020-11-05 09:51:39"},{"name":"test002","code":"test110402","orderIndex":1,"remark":"","catalogName":"岗位维度","componentCode":"data_auth_component_select_user","componentName":"选人","isShow":1,"tooltips":"好大幅度发大幅度发大幅度大幅度发大幅度发大幅度大幅度发大幅度发大幅度大幅度发大幅度发大幅度大幅度发大幅度发大幅度大幅度发大幅度发大幅度大幅度发大幅度发大幅度大幅度发大大幅度大幅度发大幅度发大幅度大幅度发大幅度发大幅度大幅度发大幅度发大幅度大幅度发大幅度发大幅度大幅度发结尾大幅度发大幅度发大幅度大幅度发大幅度发大幅度大幅度发大幅度发大幅度大幅度发大幅度发大幅度大幅度发大幅度发大幅度大幅度发大幅度发大幅度大幅度发大幅度发大幅度大幅度发大幅度发大幅度大幅度发大幅度发大幅度大幅度发大幅度发大幅度大幅度发大幅度发大幅度大幅度发大幅度发大幅度大幅度发大幅度发大幅度大幅度发结尾大幅度发大幅度发大幅度大幅度发大幅度发大幅度大幅度发大幅度发大幅度大幅度发大幅度发大幅度大幅度发大幅度发大幅度大幅度发大幅度发大幅度大幅度发大幅度发大幅度大幅度发大幅度发大幅度大幅度发大幅度发大幅度大幅度发大幅度发大幅度大幅度发大幅度发大幅度大幅度发大幅度发大幅度大幅度大幅度发大幅度发大幅度大幅度发大幅度发大幅度大幅度发大幅度发大幅度大幅度发大幅度发大幅度大幅度发大幅度发大幅度大幅度发大幅度发大幅度大幅度发大幅度发大幅度大结尾","id":"991908cd-ef32-4adc-818d-b8d2fb4dc9c1","createUserId":"0022d404-d970-4065-b83e-e8f496ae0f52","createFullname":"超级管理员","createTime":"2020-11-04 10:32:56","updateUserId":"0022d404-d970-4065-b83e-e8f496ae0f52","updateFullname":"超级管理员","updateTime":"2020-11-04 10:33:30"},{"name":"test112233","code":"test110401","orderIndex":1,"remark":"dddddsss","catalogName":"组织维度","componentCode":"","componentName":"","isShow":1,"tooltips":"好大幅度发大幅度发大幅度大幅度发大幅度发大幅度大幅度发大幅度发大幅度大幅度发大幅度发大幅度大幅度发大幅度发大幅度大幅度发大幅度发大幅度大幅度发大幅度发大幅度大幅度发大大幅度大幅度发大幅度发大幅度大幅度发大幅度发大幅度大幅度发大幅度发大幅度大幅度发大幅度发大幅度大幅度发结尾大幅度发大幅度发大幅度大幅度发大幅度发大幅度大幅度发大幅度发大幅度大幅度发大幅度发大幅度大幅度发大幅度发大幅度大幅度发大幅度发大幅度大幅度发大幅度发大幅度大幅度发大幅度发大幅度大幅度发大幅度发大幅度大幅度发大幅度发大幅度大幅度发大幅度发大幅度大幅度发大幅度发大幅度大幅度发大幅度发大幅度大幅度发结尾大幅度发大幅度发大幅度大幅度发大幅度发大幅度大幅度发大幅度发大幅度大幅度发大幅度发大幅度大幅度发大幅度发大幅度大幅度发大幅度发大幅度大幅度发大幅度发大幅度大幅度发大幅度发大幅度大幅度发大幅度发大幅度大幅度发大幅度发大幅度大幅度发大幅度发大幅度大幅度发大幅度发大幅度大幅度大幅度发大幅度发大幅度大幅度发大幅度发大幅度大幅度发大幅度发大幅度大幅度发大幅度发大幅度大幅度发大幅度发大幅度大幅度发大幅度发大幅度大幅度发大幅度发大幅度大结尾","id":"c34789f6-8944-47f3-9a42-f85db1e828ab","createUserId":"0022d404-d970-4065-b83e-e8f496ae0f52","createFullname":"超级管理员","createTime":"2020-11-04 10:23:15","updateUserId":"0022d404-d970-4065-b83e-e8f496ae0f52","updateFullname":"超级管理员","updateTime":"2020-11-04 16:02:12"},{"name":"测试数据权限默认值","code":"xxxxxx","orderIndex":1,"remark":"","catalogName":"组织维度","componentCode":"","componentName":"","isShow":1,"tooltips":"测试数据权限默认值","id":"e534422c-78be-4f23-9d14-31367bce7c0c","createUserId":"0022d404-d970-4065-b83e-e8f496ae0f52","createFullname":"超级管理员","createTime":"2020-10-23 10:06:43","updateUserId":"0022d404-d970-4065-b83e-e8f496ae0f52","updateFullname":"超级管理员","updateTime":"2020-10-23 10:06:43"},{"name":"1022","code":"1211111","orderIndex":1,"remark":"wqewewew","catalogName":"组织维度","componentCode":"data_auth_component_select_user","componentName":"选人","isShow":0,"tooltips":"sdfsdadfgrfdsavfdsadvs","id":"3f5c06b6-9d85-4a92-a803-7881b84c44db","createUserId":"0022d404-d970-4065-b83e-e8f496ae0f52","createFullname":"超级管理员","createTime":"2020-10-22 13:30:19","updateUserId":"0022d404-d970-4065-b83e-e8f496ae0f52","updateFullname":"超级管理员","updateTime":"2020-10-22 16:53:04"},{"name":"ccccc234","code":"ccccc234","orderIndex":1,"remark":"","catalogName":"组织维度","componentCode":"","componentName":"","isShow":1,"tooltips":"231321313","id":"0cdb0a80-e3b5-40b2-8131-bce03c858045","createUserId":"14a8859a-e655-4ed3-8aab-696a23d70402","createFullname":"管理员","createTime":"2020-10-20 09:19:18","updateUserId":"0022d404-d970-4065-b83e-e8f496ae0f52","updateFullname":"超级管理员","updateTime":"2020-10-22 17:01:03"},{"name":"data1019","code":"data1019","orderIndex":1,"remark":"","catalogName":"组织维度","componentCode":"data_auth_component_select_user","componentName":"选人","isShow":1,"tooltips":"","id":"f842e340-1dad-4702-91a8-9835bea102df","createUserId":"0022d404-d970-4065-b83e-e8f496ae0f52","createFullname":"超级管理员","createTime":"2020-10-19 11:40:49","updateUserId":"0022d404-d970-4065-b83e-e8f496ae0f52","updateFullname":"超级管理员","updateTime":"2020-10-19 11:40:49"},{"name":"评论导出数据","code":"KnowledgeCommentExport_extent","orderIndex":1,"remark":"","catalogName":"组织维度","componentCode":"","componentName":"","isShow":1,"tooltips":"","id":"57a58228-a740-4bf4-9720-3ab3b78caa5c","createUserId":"14a8859a-e655-4ed3-8aab-696a23d70402","createFullname":"管理员","createTime":"2020-08-18 18:06:59","updateUserId":"14a8859a-e655-4ed3-8aab-696a23d70402","updateFullname":"管理员","updateTime":"2020-10-04 11:27:55"}],"paging":{"limit":10,"offset":0,"pages":16,"count":158}}]]>
    </line>
    <line>
      <![CDATA[查询：select name,code from core_data_permission_info order by order_index,create_time DESC LIMIT 10]]>
    </line>
    <line>
      <![CDATA[==查询数据权限列表]]>
    </line>
    <line>
      <![CDATA[url:http://api-core-phx.yunxuetang.com.cn/v2/data/permission/info/search?offset=0&limit=10&orderby=orderIndex&keyword=选择试卷批阅人&direction=ASC]]>
    </line>
    <line>
      <![CDATA[headers:source,501]]>
    </line>
    <line>
      <![CDATA[headers:Content-Type,application/json]]>
    </line>
    <line>
      <![CDATA[headers:token,eyJhbGciOiJIUzUxMiJ9.eyJvcmdJZCI6ImE5OGIzNDFkLTI2ZDAtNGNmNy05YTM0LTA1MDY5NjE3M2MwMSIsInVzZXJJZCI6IjE0YTg4NTlhLWU2NTUtNGVkMy04YWFiLTY5NmEyM2Q3MDQwMiIsImZ1bGxOYW1lIjoi566h55CG5ZGYIiwiZXhwIjoxNjA2Mjg5NTU3fQ.1a8-Kxd9JIegDYojASXmTSU3SQNvVu8NJ1sicgrKnukGNiqedg5W4ZMomsBHwmyc9d92MVMoA_4MLvb6LyFGug]]>
    </line>
    <line>
      <![CDATA[response:{"datas":[{"name":"选择试卷批阅人","code":"ExamReviewer_extent","orderIndex":1,"remark":"","catalogName":"组织维度","componentCode":"data_auth_component_select_user,data_auth_component_dept","componentName":"选人,部门","isShow":1,"tooltips":"","id":"e46c6dd4-e7d2-4972-9c94-d3f91c05fb29","createUserId":"14a8859a-e655-4ed3-8aab-696a23d70402","createFullname":"管理员","createTime":"2020-08-13 20:46:31","updateUserId":"14a8859a-e655-4ed3-8aab-696a23d70402","updateFullname":"管理员","updateTime":"2020-08-13 20:46:31"}],"paging":{"limit":10,"offset":0,"pages":1,"count":1}}]]>
    </line>
    <line>
      <![CDATA[查询：select name,code from core_data_permission_info where name like '%选择试卷批阅人%' or catalog_name like '%选择试卷批阅人%' order by order_index,create_time DESC LIMIT 10]]>
    </line>
    <line>
      <![CDATA[==查询数据权限列表]]>
    </line>
    <line>
      <![CDATA[url:http://api-core-phx.yunxuetang.com.cn/v2/data/permission/info/search?offset=0&limit=10&orderby=orderIndex&keyword=&direction=ASC]]>
    </line>
    <line>
      <![CDATA[headers:source,501]]>
    </line>
    <line>
      <![CDATA[headers:Content-Type,application/json]]>
    </line>
    <line>
      <![CDATA[headers:token,eyJhbGciOiJIUzUxMiJ9.eyJvcmdJZCI6ImE5OGIzNDFkLTI2ZDAtNGNmNy05YTM0LTA1MDY5NjE3M2MwMSIsInVzZXJJZCI6IjE0YTg4NTlhLWU2NTUtNGVkMy04YWFiLTY5NmEyM2Q3MDQwMiIsImZ1bGxOYW1lIjoi566h55CG5ZGYIiwiZXhwIjoxNjA2Mjg5NTU3fQ.1a8-Kxd9JIegDYojASXmTSU3SQNvVu8NJ1sicgrKnukGNiqedg5W4ZMomsBHwmyc9d92MVMoA_4MLvb6LyFGug]]>
    </line>
    <line>
      <![CDATA[response:{"datas":[{"name":"zhtest数据权限1","code":"zhtestdatapoint1","orderIndex":1,"remark":"","catalogName":"岗位维度","componentCode":"data_auth_component_dept,data_auth_component_position","componentName":"部门,岗位","isShow":1,"tooltips":"说明文案","id":"d5fa7b0a-2b8d-43ea-92f4-724799b2b26d","createUserId":"0022d404-d970-4065-b83e-e8f496ae0f52","createFullname":"超级管理员","createTime":"2020-11-05 17:15:18","updateUserId":"0022d404-d970-4065-b83e-e8f496ae0f52","updateFullname":"超级管理员","updateTime":"2020-11-05 17:15:18"},{"name":"test004","code":"test110404","orderIndex":1,"remark":"","catalogName":"岗位维度","componentCode":"data_auth_component_select_user","componentName":"选人","isShow":0,"tooltips":"","id":"d50743e8-51ce-4f1b-a317-4c560559627e","createUserId":"0022d404-d970-4065-b83e-e8f496ae0f52","createFullname":"超级管理员","createTime":"2020-11-05 09:47:55","updateUserId":"0022d404-d970-4065-b83e-e8f496ae0f52","updateFullname":"超级管理员","updateTime":"2020-11-05 09:51:07"},{"name":"test003","code":"test110403","orderIndex":1,"remark":"","catalogName":"岗位维度","componentCode":"data_auth_component_select_user","componentName":"选人","isShow":0,"tooltips":"","id":"d37cb26b-88ac-487f-a571-c5a63f8a60c6","createUserId":"0022d404-d970-4065-b83e-e8f496ae0f52","createFullname":"超级管理员","createTime":"2020-11-04 15:34:58","updateUserId":"0022d404-d970-4065-b83e-e8f496ae0f52","updateFullname":"超级管理员","updateTime":"2020-11-05 09:51:39"},{"name":"test002","code":"test110402","orderIndex":1,"remark":"","catalogName":"岗位维度","componentCode":"data_auth_component_select_user","componentName":"选人","isShow":1,"tooltips":"好大幅度发大幅度发大幅度大幅度发大幅度发大幅度大幅度发大幅度发大幅度大幅度发大幅度发大幅度大幅度发大幅度发大幅度大幅度发大幅度发大幅度大幅度发大幅度发大幅度大幅度发大大幅度大幅度发大幅度发大幅度大幅度发大幅度发大幅度大幅度发大幅度发大幅度大幅度发大幅度发大幅度大幅度发结尾大幅度发大幅度发大幅度大幅度发大幅度发大幅度大幅度发大幅度发大幅度大幅度发大幅度发大幅度大幅度发大幅度发大幅度大幅度发大幅度发大幅度大幅度发大幅度发大幅度大幅度发大幅度发大幅度大幅度发大幅度发大幅度大幅度发大幅度发大幅度大幅度发大幅度发大幅度大幅度发大幅度发大幅度大幅度发大幅度发大幅度大幅度发结尾大幅度发大幅度发大幅度大幅度发大幅度发大幅度大幅度发大幅度发大幅度大幅度发大幅度发大幅度大幅度发大幅度发大幅度大幅度发大幅度发大幅度大幅度发大幅度发大幅度大幅度发大幅度发大幅度大幅度发大幅度发大幅度大幅度发大幅度发大幅度大幅度发大幅度发大幅度大幅度发大幅度发大幅度大幅度大幅度发大幅度发大幅度大幅度发大幅度发大幅度大幅度发大幅度发大幅度大幅度发大幅度发大幅度大幅度发大幅度发大幅度大幅度发大幅度发大幅度大幅度发大幅度发大幅度大结尾","id":"991908cd-ef32-4adc-818d-b8d2fb4dc9c1","createUserId":"0022d404-d970-4065-b83e-e8f496ae0f52","createFullname":"超级管理员","createTime":"2020-11-04 10:32:56","updateUserId":"0022d404-d970-4065-b83e-e8f496ae0f52","updateFullname":"超级管理员","updateTime":"2020-11-04 10:33:30"},{"name":"test112233","code":"test110401","orderIndex":1,"remark":"dddddsss","catalogName":"组织维度","componentCode":"","componentName":"","isShow":1,"tooltips":"好大幅度发大幅度发大幅度大幅度发大幅度发大幅度大幅度发大幅度发大幅度大幅度发大幅度发大幅度大幅度发大幅度发大幅度大幅度发大幅度发大幅度大幅度发大幅度发大幅度大幅度发大大幅度大幅度发大幅度发大幅度大幅度发大幅度发大幅度大幅度发大幅度发大幅度大幅度发大幅度发大幅度大幅度发结尾大幅度发大幅度发大幅度大幅度发大幅度发大幅度大幅度发大幅度发大幅度大幅度发大幅度发大幅度大幅度发大幅度发大幅度大幅度发大幅度发大幅度大幅度发大幅度发大幅度大幅度发大幅度发大幅度大幅度发大幅度发大幅度大幅度发大幅度发大幅度大幅度发大幅度发大幅度大幅度发大幅度发大幅度大幅度发大幅度发大幅度大幅度发结尾大幅度发大幅度发大幅度大幅度发大幅度发大幅度大幅度发大幅度发大幅度大幅度发大幅度发大幅度大幅度发大幅度发大幅度大幅度发大幅度发大幅度大幅度发大幅度发大幅度大幅度发大幅度发大幅度大幅度发大幅度发大幅度大幅度发大幅度发大幅度大幅度发大幅度发大幅度大幅度发大幅度发大幅度大幅度大幅度发大幅度发大幅度大幅度发大幅度发大幅度大幅度发大幅度发大幅度大幅度发大幅度发大幅度大幅度发大幅度发大幅度大幅度发大幅度发大幅度大幅度发大幅度发大幅度大结尾","id":"c34789f6-8944-47f3-9a42-f85db1e828ab","createUserId":"0022d404-d970-4065-b83e-e8f496ae0f52","createFullname":"超级管理员","createTime":"2020-11-04 10:23:15","updateUserId":"0022d404-d970-4065-b83e-e8f496ae0f52","updateFullname":"超级管理员","updateTime":"2020-11-04 16:02:12"},{"name":"测试数据权限默认值","code":"xxxxxx","orderIndex":1,"remark":"","catalogName":"组织维度","componentCode":"","componentName":"","isShow":1,"tooltips":"测试数据权限默认值","id":"e534422c-78be-4f23-9d14-31367bce7c0c","createUserId":"0022d404-d970-4065-b83e-e8f496ae0f52","createFullname":"超级管理员","createTime":"2020-10-23 10:06:43","updateUserId":"0022d404-d970-4065-b83e-e8f496ae0f52","updateFullname":"超级管理员","updateTime":"2020-10-23 10:06:43"},{"name":"1022","code":"1211111","orderIndex":1,"remark":"wqewewew","catalogName":"组织维度","componentCode":"data_auth_component_select_user","componentName":"选人","isShow":0,"tooltips":"sdfsdadfgrfdsavfdsadvs","id":"3f5c06b6-9d85-4a92-a803-7881b84c44db","createUserId":"0022d404-d970-4065-b83e-e8f496ae0f52","createFullname":"超级管理员","createTime":"2020-10-22 13:30:19","updateUserId":"0022d404-d970-4065-b83e-e8f496ae0f52","updateFullname":"超级管理员","updateTime":"2020-10-22 16:53:04"},{"name":"ccccc234","code":"ccccc234","orderIndex":1,"remark":"","catalogName":"组织维度","componentCode":"","componentName":"","isShow":1,"tooltips":"231321313","id":"0cdb0a80-e3b5-40b2-8131-bce03c858045","createUserId":"14a8859a-e655-4ed3-8aab-696a23d70402","createFullname":"管理员","createTime":"2020-10-20 09:19:18","updateUserId":"0022d404-d970-4065-b83e-e8f496ae0f52","updateFullname":"超级管理员","updateTime":"2020-10-22 17:01:03"},{"name":"data1019","code":"data1019","orderIndex":1,"remark":"","catalogName":"组织维度","componentCode":"data_auth_component_select_user","componentName":"选人","isShow":1,"tooltips":"","id":"f842e340-1dad-4702-91a8-9835bea102df","createUserId":"0022d404-d970-4065-b83e-e8f496ae0f52","createFullname":"超级管理员","createTime":"2020-10-19 11:40:49","updateUserId":"0022d404-d970-4065-b83e-e8f496ae0f52","updateFullname":"超级管理员","updateTime":"2020-10-19 11:40:49"},{"name":"评论导出数据","code":"KnowledgeCommentExport_extent","orderIndex":1,"remark":"","catalogName":"组织维度","componentCode":"","componentName":"","isShow":1,"tooltips":"","id":"57a58228-a740-4bf4-9720-3ab3b78caa5c","createUserId":"14a8859a-e655-4ed3-8aab-696a23d70402","createFullname":"管理员","createTime":"2020-08-18 18:06:59","updateUserId":"14a8859a-e655-4ed3-8aab-696a23d70402","updateFullname":"管理员","updateTime":"2020-10-04 11:27:55"}],"paging":{"limit":10,"offset":0,"pages":16,"count":158}}]]>
    </line>
    <line>
      <![CDATA[查询：select COUNT(*)countx from core_data_permission_info]]>
    </line>
    <line>
      <![CDATA[关闭数据库]]>
    </line>
  </reporter-output>
  <suite name="Suite" duration-ms="1363" started-at="2020-11-11T07:32:36Z" finished-at="2020-11-11T07:32:38Z">
    <groups>
    </groups>
    <test name="YXT" duration-ms="1363" started-at="2020-11-11T07:32:36Z" finished-at="2020-11-11T07:32:38Z">
      <class name="com.yxt.testcases.dataPermission.GetDataPermissionListTests">
        <test-method status="PASS" signature="init()[pri:0, instance:com.yxt.testcases.dataPermission.GetDataPermissionListTests@685cb137]" name="init" is-config="true" duration-ms="96" started-at="2020-11-11T07:32:38Z" finished-at="2020-11-11T07:32:38Z">
          <reporter-output>
            <line>
              <![CDATA[==登录]]>
            </line>
            <line>
              <![CDATA[url:http://api-core-phx.yunxuetang.com.cn/v2/auth/password]]>
            </line>
            <line>
              <![CDATA[params:{"password":"OOySWq8CNOJJQBI+rf9qCfOMsdL9HNnuxxm0uOshEZI=","domain":"boss-phx.yunxuetang.com.cn","userName":"YWRtaW4="}]]>
            </line>
            <line>
              <![CDATA[headers:Content-Type,application/json]]>
            </line>
            <line>
              <![CDATA[response:{"userInfo":{"token":"eyJhbGciOiJIUzUxMiJ9.eyJvcmdJZCI6ImE5OGIzNDFkLTI2ZDAtNGNmNy05YTM0LTA1MDY5NjE3M2MwMSIsInVzZXJJZCI6IjE0YTg4NTlhLWU2NTUtNGVkMy04YWFiLTY5NmEyM2Q3MDQwMiIsImZ1bGxOYW1lIjoi566h55CG5ZGYIiwiZXhwIjoxNjA2Mjg5NTU3fQ.1a8-Kxd9JIegDYojASXmTSU3SQNvVu8NJ1sicgrKnukGNiqedg5W4ZMomsBHwmyc9d92MVMoA_4MLvb6LyFGug","userId":"14a8859a-e655-4ed3-8aab-696a23d70402","orgId":"a98b341d-26d0-4cf7-9a34-050696173c01","username":"admin","fullname":"管理员","sex":"0","idNo":"","userNo":"","birthday":null,"hireDate":null,"email":"","mobile":"","imgUrl":"https://media-phx.yunxuetang.com.cn/udp/images/profiles/100.png","emailValidated":0,"mobileValidated":0,"orgName":"江苏云学堂信息网络有限公司","siteName":"云学堂运营平台","orgCode":"boss-phx","domain":"boss-phx.yunxuetang.com.cn","logoUrl":"https://picobd.yunxuetang.cn/sys/my/images/201811/f50f1ea399ef43a5b832fd54751fb4ee.png","clientKey":"","tokenTimeout":1209600,"deptId":"","deptName":"","parttimeDeptList":"","positionList":"","gradeId":"","gradeName":"","managerId":"","managerFullname":"","admin":1,"locale":"zh_CN","previousPcLoginTime":"2020-11-11 15:32:37","previousAppLoginTime":null,"previousLoginTime":"2020-11-11 15:32:37","basicChangedTime":null,"defaultPwd":true},"permissions":[],"showSecretProtocol":false}]]>
            </line>
            <line>
              <![CDATA[连接数据库]]>
            </line>
          </reporter-output>
        </test-method> <!-- init -->
        <test-method status="PASS" signature="test001_getDataPermissionList()[pri:0, instance:com.yxt.testcases.dataPermission.GetDataPermissionListTests@685cb137]" name="test001_getDataPermissionList" duration-ms="60" started-at="2020-11-11T07:32:38Z" description="查看列表" finished-at="2020-11-11T07:32:38Z">
          <reporter-output>
            <line>
              <![CDATA[==查询数据权限列表]]>
            </line>
            <line>
              <![CDATA[url:http://api-core-phx.yunxuetang.com.cn/v2/data/permission/info/search?offset=0&limit=10&orderby=orderIndex&keyword=&direction=ASC]]>
            </line>
            <line>
              <![CDATA[headers:source,501]]>
            </line>
            <line>
              <![CDATA[headers:Content-Type,application/json]]>
            </line>
            <line>
              <![CDATA[headers:token,eyJhbGciOiJIUzUxMiJ9.eyJvcmdJZCI6ImE5OGIzNDFkLTI2ZDAtNGNmNy05YTM0LTA1MDY5NjE3M2MwMSIsInVzZXJJZCI6IjE0YTg4NTlhLWU2NTUtNGVkMy04YWFiLTY5NmEyM2Q3MDQwMiIsImZ1bGxOYW1lIjoi566h55CG5ZGYIiwiZXhwIjoxNjA2Mjg5NTU3fQ.1a8-Kxd9JIegDYojASXmTSU3SQNvVu8NJ1sicgrKnukGNiqedg5W4ZMomsBHwmyc9d92MVMoA_4MLvb6LyFGug]]>
            </line>
            <line>
              <![CDATA[response:{"datas":[{"name":"zhtest数据权限1","code":"zhtestdatapoint1","orderIndex":1,"remark":"","catalogName":"岗位维度","componentCode":"data_auth_component_dept,data_auth_component_position","componentName":"部门,岗位","isShow":1,"tooltips":"说明文案","id":"d5fa7b0a-2b8d-43ea-92f4-724799b2b26d","createUserId":"0022d404-d970-4065-b83e-e8f496ae0f52","createFullname":"超级管理员","createTime":"2020-11-05 17:15:18","updateUserId":"0022d404-d970-4065-b83e-e8f496ae0f52","updateFullname":"超级管理员","updateTime":"2020-11-05 17:15:18"},{"name":"test004","code":"test110404","orderIndex":1,"remark":"","catalogName":"岗位维度","componentCode":"data_auth_component_select_user","componentName":"选人","isShow":0,"tooltips":"","id":"d50743e8-51ce-4f1b-a317-4c560559627e","createUserId":"0022d404-d970-4065-b83e-e8f496ae0f52","createFullname":"超级管理员","createTime":"2020-11-05 09:47:55","updateUserId":"0022d404-d970-4065-b83e-e8f496ae0f52","updateFullname":"超级管理员","updateTime":"2020-11-05 09:51:07"},{"name":"test003","code":"test110403","orderIndex":1,"remark":"","catalogName":"岗位维度","componentCode":"data_auth_component_select_user","componentName":"选人","isShow":0,"tooltips":"","id":"d37cb26b-88ac-487f-a571-c5a63f8a60c6","createUserId":"0022d404-d970-4065-b83e-e8f496ae0f52","createFullname":"超级管理员","createTime":"2020-11-04 15:34:58","updateUserId":"0022d404-d970-4065-b83e-e8f496ae0f52","updateFullname":"超级管理员","updateTime":"2020-11-05 09:51:39"},{"name":"test002","code":"test110402","orderIndex":1,"remark":"","catalogName":"岗位维度","componentCode":"data_auth_component_select_user","componentName":"选人","isShow":1,"tooltips":"好大幅度发大幅度发大幅度大幅度发大幅度发大幅度大幅度发大幅度发大幅度大幅度发大幅度发大幅度大幅度发大幅度发大幅度大幅度发大幅度发大幅度大幅度发大幅度发大幅度大幅度发大大幅度大幅度发大幅度发大幅度大幅度发大幅度发大幅度大幅度发大幅度发大幅度大幅度发大幅度发大幅度大幅度发结尾大幅度发大幅度发大幅度大幅度发大幅度发大幅度大幅度发大幅度发大幅度大幅度发大幅度发大幅度大幅度发大幅度发大幅度大幅度发大幅度发大幅度大幅度发大幅度发大幅度大幅度发大幅度发大幅度大幅度发大幅度发大幅度大幅度发大幅度发大幅度大幅度发大幅度发大幅度大幅度发大幅度发大幅度大幅度发大幅度发大幅度大幅度发结尾大幅度发大幅度发大幅度大幅度发大幅度发大幅度大幅度发大幅度发大幅度大幅度发大幅度发大幅度大幅度发大幅度发大幅度大幅度发大幅度发大幅度大幅度发大幅度发大幅度大幅度发大幅度发大幅度大幅度发大幅度发大幅度大幅度发大幅度发大幅度大幅度发大幅度发大幅度大幅度发大幅度发大幅度大幅度大幅度发大幅度发大幅度大幅度发大幅度发大幅度大幅度发大幅度发大幅度大幅度发大幅度发大幅度大幅度发大幅度发大幅度大幅度发大幅度发大幅度大幅度发大幅度发大幅度大结尾","id":"991908cd-ef32-4adc-818d-b8d2fb4dc9c1","createUserId":"0022d404-d970-4065-b83e-e8f496ae0f52","createFullname":"超级管理员","createTime":"2020-11-04 10:32:56","updateUserId":"0022d404-d970-4065-b83e-e8f496ae0f52","updateFullname":"超级管理员","updateTime":"2020-11-04 10:33:30"},{"name":"test112233","code":"test110401","orderIndex":1,"remark":"dddddsss","catalogName":"组织维度","componentCode":"","componentName":"","isShow":1,"tooltips":"好大幅度发大幅度发大幅度大幅度发大幅度发大幅度大幅度发大幅度发大幅度大幅度发大幅度发大幅度大幅度发大幅度发大幅度大幅度发大幅度发大幅度大幅度发大幅度发大幅度大幅度发大大幅度大幅度发大幅度发大幅度大幅度发大幅度发大幅度大幅度发大幅度发大幅度大幅度发大幅度发大幅度大幅度发结尾大幅度发大幅度发大幅度大幅度发大幅度发大幅度大幅度发大幅度发大幅度大幅度发大幅度发大幅度大幅度发大幅度发大幅度大幅度发大幅度发大幅度大幅度发大幅度发大幅度大幅度发大幅度发大幅度大幅度发大幅度发大幅度大幅度发大幅度发大幅度大幅度发大幅度发大幅度大幅度发大幅度发大幅度大幅度发大幅度发大幅度大幅度发结尾大幅度发大幅度发大幅度大幅度发大幅度发大幅度大幅度发大幅度发大幅度大幅度发大幅度发大幅度大幅度发大幅度发大幅度大幅度发大幅度发大幅度大幅度发大幅度发大幅度大幅度发大幅度发大幅度大幅度发大幅度发大幅度大幅度发大幅度发大幅度大幅度发大幅度发大幅度大幅度发大幅度发大幅度大幅度大幅度发大幅度发大幅度大幅度发大幅度发大幅度大幅度发大幅度发大幅度大幅度发大幅度发大幅度大幅度发大幅度发大幅度大幅度发大幅度发大幅度大幅度发大幅度发大幅度大结尾","id":"c34789f6-8944-47f3-9a42-f85db1e828ab","createUserId":"0022d404-d970-4065-b83e-e8f496ae0f52","createFullname":"超级管理员","createTime":"2020-11-04 10:23:15","updateUserId":"0022d404-d970-4065-b83e-e8f496ae0f52","updateFullname":"超级管理员","updateTime":"2020-11-04 16:02:12"},{"name":"测试数据权限默认值","code":"xxxxxx","orderIndex":1,"remark":"","catalogName":"组织维度","componentCode":"","componentName":"","isShow":1,"tooltips":"测试数据权限默认值","id":"e534422c-78be-4f23-9d14-31367bce7c0c","createUserId":"0022d404-d970-4065-b83e-e8f496ae0f52","createFullname":"超级管理员","createTime":"2020-10-23 10:06:43","updateUserId":"0022d404-d970-4065-b83e-e8f496ae0f52","updateFullname":"超级管理员","updateTime":"2020-10-23 10:06:43"},{"name":"1022","code":"1211111","orderIndex":1,"remark":"wqewewew","catalogName":"组织维度","componentCode":"data_auth_component_select_user","componentName":"选人","isShow":0,"tooltips":"sdfsdadfgrfdsavfdsadvs","id":"3f5c06b6-9d85-4a92-a803-7881b84c44db","createUserId":"0022d404-d970-4065-b83e-e8f496ae0f52","createFullname":"超级管理员","createTime":"2020-10-22 13:30:19","updateUserId":"0022d404-d970-4065-b83e-e8f496ae0f52","updateFullname":"超级管理员","updateTime":"2020-10-22 16:53:04"},{"name":"ccccc234","code":"ccccc234","orderIndex":1,"remark":"","catalogName":"组织维度","componentCode":"","componentName":"","isShow":1,"tooltips":"231321313","id":"0cdb0a80-e3b5-40b2-8131-bce03c858045","createUserId":"14a8859a-e655-4ed3-8aab-696a23d70402","createFullname":"管理员","createTime":"2020-10-20 09:19:18","updateUserId":"0022d404-d970-4065-b83e-e8f496ae0f52","updateFullname":"超级管理员","updateTime":"2020-10-22 17:01:03"},{"name":"data1019","code":"data1019","orderIndex":1,"remark":"","catalogName":"组织维度","componentCode":"data_auth_component_select_user","componentName":"选人","isShow":1,"tooltips":"","id":"f842e340-1dad-4702-91a8-9835bea102df","createUserId":"0022d404-d970-4065-b83e-e8f496ae0f52","createFullname":"超级管理员","createTime":"2020-10-19 11:40:49","updateUserId":"0022d404-d970-4065-b83e-e8f496ae0f52","updateFullname":"超级管理员","updateTime":"2020-10-19 11:40:49"},{"name":"评论导出数据","code":"KnowledgeCommentExport_extent","orderIndex":1,"remark":"","catalogName":"组织维度","componentCode":"","componentName":"","isShow":1,"tooltips":"","id":"57a58228-a740-4bf4-9720-3ab3b78caa5c","createUserId":"14a8859a-e655-4ed3-8aab-696a23d70402","createFullname":"管理员","createTime":"2020-08-18 18:06:59","updateUserId":"14a8859a-e655-4ed3-8aab-696a23d70402","updateFullname":"管理员","updateTime":"2020-10-04 11:27:55"}],"paging":{"limit":10,"offset":0,"pages":16,"count":158}}]]>
            </line>
            <line>
              <![CDATA[查询：select name,code from core_data_permission_info order by order_index,create_time DESC LIMIT 10]]>
            </line>
          </reporter-output>
        </test-method> <!-- test001_getDataPermissionList -->
        <test-method status="PASS" signature="test002_getDataPermissionList()[pri:0, instance:com.yxt.testcases.dataPermission.GetDataPermissionListTests@685cb137]" name="test002_getDataPermissionList" duration-ms="46" started-at="2020-11-11T07:32:38Z" description="列表搜索" finished-at="2020-11-11T07:32:38Z">
          <reporter-output>
            <line>
              <![CDATA[==查询数据权限列表]]>
            </line>
            <line>
              <![CDATA[url:http://api-core-phx.yunxuetang.com.cn/v2/data/permission/info/search?offset=0&limit=10&orderby=orderIndex&keyword=选择试卷批阅人&direction=ASC]]>
            </line>
            <line>
              <![CDATA[headers:source,501]]>
            </line>
            <line>
              <![CDATA[headers:Content-Type,application/json]]>
            </line>
            <line>
              <![CDATA[headers:token,eyJhbGciOiJIUzUxMiJ9.eyJvcmdJZCI6ImE5OGIzNDFkLTI2ZDAtNGNmNy05YTM0LTA1MDY5NjE3M2MwMSIsInVzZXJJZCI6IjE0YTg4NTlhLWU2NTUtNGVkMy04YWFiLTY5NmEyM2Q3MDQwMiIsImZ1bGxOYW1lIjoi566h55CG5ZGYIiwiZXhwIjoxNjA2Mjg5NTU3fQ.1a8-Kxd9JIegDYojASXmTSU3SQNvVu8NJ1sicgrKnukGNiqedg5W4ZMomsBHwmyc9d92MVMoA_4MLvb6LyFGug]]>
            </line>
            <line>
              <![CDATA[response:{"datas":[{"name":"选择试卷批阅人","code":"ExamReviewer_extent","orderIndex":1,"remark":"","catalogName":"组织维度","componentCode":"data_auth_component_select_user,data_auth_component_dept","componentName":"选人,部门","isShow":1,"tooltips":"","id":"e46c6dd4-e7d2-4972-9c94-d3f91c05fb29","createUserId":"14a8859a-e655-4ed3-8aab-696a23d70402","createFullname":"管理员","createTime":"2020-08-13 20:46:31","updateUserId":"14a8859a-e655-4ed3-8aab-696a23d70402","updateFullname":"管理员","updateTime":"2020-08-13 20:46:31"}],"paging":{"limit":10,"offset":0,"pages":1,"count":1}}]]>
            </line>
            <line>
              <![CDATA[查询：select name,code from core_data_permission_info where name like '%选择试卷批阅人%' or catalog_name like '%选择试卷批阅人%' order by order_index,create_time DESC LIMIT 10]]>
            </line>
          </reporter-output>
        </test-method> <!-- test002_getDataPermissionList -->
        <test-method status="PASS" signature="test003_getDataPermissionCount()[pri:0, instance:com.yxt.testcases.dataPermission.GetDataPermissionListTests@685cb137]" name="test003_getDataPermissionCount" duration-ms="59" started-at="2020-11-11T07:32:38Z" description="检查列表总条数" finished-at="2020-11-11T07:32:38Z">
          <reporter-output>
            <line>
              <![CDATA[==查询数据权限列表]]>
            </line>
            <line>
              <![CDATA[url:http://api-core-phx.yunxuetang.com.cn/v2/data/permission/info/search?offset=0&limit=10&orderby=orderIndex&keyword=&direction=ASC]]>
            </line>
            <line>
              <![CDATA[headers:source,501]]>
            </line>
            <line>
              <![CDATA[headers:Content-Type,application/json]]>
            </line>
            <line>
              <![CDATA[headers:token,eyJhbGciOiJIUzUxMiJ9.eyJvcmdJZCI6ImE5OGIzNDFkLTI2ZDAtNGNmNy05YTM0LTA1MDY5NjE3M2MwMSIsInVzZXJJZCI6IjE0YTg4NTlhLWU2NTUtNGVkMy04YWFiLTY5NmEyM2Q3MDQwMiIsImZ1bGxOYW1lIjoi566h55CG5ZGYIiwiZXhwIjoxNjA2Mjg5NTU3fQ.1a8-Kxd9JIegDYojASXmTSU3SQNvVu8NJ1sicgrKnukGNiqedg5W4ZMomsBHwmyc9d92MVMoA_4MLvb6LyFGug]]>
            </line>
            <line>
              <![CDATA[response:{"datas":[{"name":"zhtest数据权限1","code":"zhtestdatapoint1","orderIndex":1,"remark":"","catalogName":"岗位维度","componentCode":"data_auth_component_dept,data_auth_component_position","componentName":"部门,岗位","isShow":1,"tooltips":"说明文案","id":"d5fa7b0a-2b8d-43ea-92f4-724799b2b26d","createUserId":"0022d404-d970-4065-b83e-e8f496ae0f52","createFullname":"超级管理员","createTime":"2020-11-05 17:15:18","updateUserId":"0022d404-d970-4065-b83e-e8f496ae0f52","updateFullname":"超级管理员","updateTime":"2020-11-05 17:15:18"},{"name":"test004","code":"test110404","orderIndex":1,"remark":"","catalogName":"岗位维度","componentCode":"data_auth_component_select_user","componentName":"选人","isShow":0,"tooltips":"","id":"d50743e8-51ce-4f1b-a317-4c560559627e","createUserId":"0022d404-d970-4065-b83e-e8f496ae0f52","createFullname":"超级管理员","createTime":"2020-11-05 09:47:55","updateUserId":"0022d404-d970-4065-b83e-e8f496ae0f52","updateFullname":"超级管理员","updateTime":"2020-11-05 09:51:07"},{"name":"test003","code":"test110403","orderIndex":1,"remark":"","catalogName":"岗位维度","componentCode":"data_auth_component_select_user","componentName":"选人","isShow":0,"tooltips":"","id":"d37cb26b-88ac-487f-a571-c5a63f8a60c6","createUserId":"0022d404-d970-4065-b83e-e8f496ae0f52","createFullname":"超级管理员","createTime":"2020-11-04 15:34:58","updateUserId":"0022d404-d970-4065-b83e-e8f496ae0f52","updateFullname":"超级管理员","updateTime":"2020-11-05 09:51:39"},{"name":"test002","code":"test110402","orderIndex":1,"remark":"","catalogName":"岗位维度","componentCode":"data_auth_component_select_user","componentName":"选人","isShow":1,"tooltips":"好大幅度发大幅度发大幅度大幅度发大幅度发大幅度大幅度发大幅度发大幅度大幅度发大幅度发大幅度大幅度发大幅度发大幅度大幅度发大幅度发大幅度大幅度发大幅度发大幅度大幅度发大大幅度大幅度发大幅度发大幅度大幅度发大幅度发大幅度大幅度发大幅度发大幅度大幅度发大幅度发大幅度大幅度发结尾大幅度发大幅度发大幅度大幅度发大幅度发大幅度大幅度发大幅度发大幅度大幅度发大幅度发大幅度大幅度发大幅度发大幅度大幅度发大幅度发大幅度大幅度发大幅度发大幅度大幅度发大幅度发大幅度大幅度发大幅度发大幅度大幅度发大幅度发大幅度大幅度发大幅度发大幅度大幅度发大幅度发大幅度大幅度发大幅度发大幅度大幅度发结尾大幅度发大幅度发大幅度大幅度发大幅度发大幅度大幅度发大幅度发大幅度大幅度发大幅度发大幅度大幅度发大幅度发大幅度大幅度发大幅度发大幅度大幅度发大幅度发大幅度大幅度发大幅度发大幅度大幅度发大幅度发大幅度大幅度发大幅度发大幅度大幅度发大幅度发大幅度大幅度发大幅度发大幅度大幅度大幅度发大幅度发大幅度大幅度发大幅度发大幅度大幅度发大幅度发大幅度大幅度发大幅度发
[...]
tionCode":"bbsSection_delete"},{"code":"bbs_mgmt_board","type":2,"optionCode":"bbsSort_edit"},{"code":"bbs_mgmt_board","type":2,"optionCode":"bbsSection_add_set_visible"},{"code":"bbs_mgmt_board","type":2,"optionCode":"bbsSort_delete"},{"code":"bbs_mgmt_board","type":2,"optionCode":"bbsSection_add"},{"code":"bbs_mgmt_board","type":2,"optionCode":"bbsSort_move"},{"code":"bbs_mgmt_board","type":2,"optionCode":"bbsSection_edit"},{"code":"bbs_mgmt_board","type":2,"optionCode":"bbsSection_move"},{"code":"core_homepage","type":2,"optionCode":"*"},{"code":"jf_mgmt","type":2,"optionCode":"*"},{"code":"te_lib","type":2,"optionCode":"ineranl_lecturer_import"},{"code":"te_lib","type":2,"optionCode":"lecturer_knowledge_get"},{"code":"te_lib","type":2,"optionCode":"lecturer_train_get"},{"code":"te_lib","type":2,"optionCode":"lecturer_delete"},{"code":"te_lib","type":2,"optionCode":"lecturer_add_external_lecturer"},{"code":"te_lib","type":2,"optionCode":"lecturer_add"},{"code":"te_lib","type":2,"optionCode":"external_lecturer_import"},{"code":"te_lib","type":2,"optionCode":"lecturer_calendar_get"},{"code":"te_lib","type":2,"optionCode":"lecturer_get"},{"code":"te_lib","type":2,"optionCode":"lecturer_export"},{"code":"te_lib","type":2,"optionCode":"lecturer_add_ineranl_lecturer"},{"code":"te_lib","type":2,"optionCode":"lecturer_edit"},{"code":"cc_mgmt_comment","type":2,"optionCode":"comment_batch_forbid"},{"code":"cc_mgmt_comment","type":2,"optionCode":"comment_obtain"},{"code":"cc_mgmt_comment","type":2,"optionCode":"comment_shield"},{"code":"cc_mgmt_comment","type":2,"optionCode":"comment_forbid"},{"code":"cc_mgmt_comment","type":2,"optionCode":"comment_unshield"},{"code":"cc_mgmt_comment","type":2,"optionCode":"comment_batch_shield"},{"code":"cc_mgmt_comment","type":2,"optionCode":"comment_export"},{"code":"bbs_setting_index","type":2,"optionCode":"bbsBasic_set"},{"code":"decorate_mobile","type":2,"optionCode":"decoration_general_management"},{"code":"te_levelmgmt","type":2,"optionCode":"lecturer_detail_train_get"},{"code":"te_levelmgmt","type":2,"optionCode":"lecturer_level_export"},{"code":"te_levelmgmt","type":2,"optionCode":"lecturer_level_get"},{"code":"te_levelmgmt","type":2,"optionCode":"lecturer_detail_knowledge_get"},{"code":"te_levelmgmt","type":2,"optionCode":"lecturer_level_set_rule"},{"code":"te_levelmgmt","type":2,"optionCode":"lecturer_level_operate"},{"code":"ssp_learn_set","type":2,"optionCode":"*"},{"code":"ote_ques_audit_mgmt","type":2,"optionCode":"examination_quetions_detail_get"},{"code":"ote_ques_audit_mgmt","type":2,"optionCode":"examination_quetions_reviewed_data_get"},{"code":"ote_ques_audit_mgmt","type":2,"optionCode":"examination_quetions_reviewed"},{"code":"ote_ques_audit_mgmt","type":2,"optionCode":"examination_quetions_batch_reviewed"},{"code":"ote_ques_audit_mgmt","type":2,"optionCode":"examination_quetions_all_pass"},{"code":"o2o_dept_jurisdiction","type":2,"optionCode":"item_get"},{"code":"udp_positionmgmt","type":2,"optionCode":"position_class_get"},{"code":"udp_positionmgmt","type":2,"optionCode":"position_delete"},{"code":"udp_positionmgmt","type":2,"optionCode":"position_edit"},{"code":"udp_positionmgmt","type":2,"optionCode":"position_class_edit"},{"code":"udp_positionmgmt","type":2,"optionCode":"position_add"},{"code":"udp_positionmgmt","type":2,"optionCode":"position_classify_delete"},{"code":"udp_positionmgmt","type":2,"optionCode":"position_get"},{"code":"udp_positionmgmt","type":2,"optionCode":"position_batch_delete"},{"code":"udp_positionmgmt","type":2,"optionCode":"position_classify_edit"},{"code":"udp_positionmgmt","type":2,"optionCode":"position_classify_add"},{"code":"udp_positionmgmt","type":2,"optionCode":"position_batch_add"},{"code":"udp_positionmgmt","type":2,"optionCode":"position_batch_move"},{"code":"udp_positionmgmt","type":2,"optionCode":"position_class_delete"},{"code":"udp_positionmgmt","type":2,"optionCode":"position_classify_get"},{"code":"udp_positionmgmt","type":2,"optionCode":"position_class_add"},{"code":"cc_mgmt_sensitive","type":2,"optionCode":"sensitive_words_add"},{"code":"cc_mgmt_sensitive","type":2,"optionCode":"sensitive_words_open"},{"code":"cc_mgmt_sensitive","type":2,"optionCode":"sensitive_words_delete"},{"code":"cc_mgmt_sensitive","type":2,"optionCode":"sensitive_words_iexport"},{"code":"cc_mgmt_sensitive","type":2,"optionCode":"sensitive_words_obtain"},{"code":"cc_mgmt_sensitive","type":2,"optionCode":"sensitive_words_forbid"},{"code":"cc_mgmt_sensitive","type":2,"optionCode":"sensitive_words_import"},{"code":"ote_mark","type":2,"optionCode":"exam_get_approval"},{"code":"ote_mark","type":2,"optionCode":"exam_submit_approval"},{"code":"ote_mark","type":2,"optionCode":"exam_student_approval"},{"code":"ote_mark","type":2,"optionCode":"exam_quick_marking"},{"code":"ote_mark","type":2,"optionCode":"exam_view_student_details"},{"code":"ote_mark","type":2,"optionCode":"exam_get_student_approval"},{"code":"ote_mark","type":2,"optionCode":"exam_view_details"},{"code":"package_mgmt","type":2,"optionCode":"SalesPackageCourse_view"},{"code":"package_mgmt","type":2,"optionCode":"SalesPackage_Export"},{"code":"package_mgmt","type":2,"optionCode":"SalesPackageCourse_Export"},{"code":"package_mgmt","type":2,"optionCode":"SalesPackage_import"},{"code":"package_mgmt","type":2,"optionCode":"SalesPackage_add"},{"code":"package_mgmt","type":2,"optionCode":"SalesPackage_view"},{"code":"package_mgmt","type":2,"optionCode":"SalesPackageCourses_getCatalog"},{"code":"ote_exam_audit_mgmt","type":2,"optionCode":"examination_paper_reviewed_data_get"},{"code":"ote_exam_audit_mgmt","type":2,"optionCode":"examination_paper_batch_reviewed"},{"code":"ote_exam_audit_mgmt","type":2,"optionCode":"examination_paper_detail_get"},{"code":"ote_exam_audit_mgmt","type":2,"optionCode":"examination_paper_reviewed"},{"code":"ote_exam_audit_mgmt","type":2,"optionCode":"examination_paper_all_pass"},{"code":"buy_mgmt","type":2,"optionCode":"*"},{"code":"decorate_web","type":2,"optionCode":"*"},{"code":"core_safepreparation_mgmt_login","type":2,"optionCode":"login_security_set"},{"code":"convert_mgmt","type":2,"optionCode":"Transcoding_view"},{"code":"convert_mgmt","type":2,"optionCode":"Transcoding_Cancel"},{"code":"bbs_mgmt","type":2,"optionCode":"bbsSection_view"},{"code":"bbs_mgmt","type":2,"optionCode":"bbsSort_view"},{"code":"bbs_setting_topic","type":2,"optionCode":"topic_view"},{"code":"bbs_setting_topic","type":2,"optionCode":"topic_code"},{"code":"bbs_setting_topic","type":2,"optionCode":"topicBatch_delete"},{"code":"bbs_setting_topic","type":2,"optionCode":"topic_edit"},{"code":"bbs_setting_topic","type":2,"optionCode":"topic_add"},{"code":"bbs_setting_topic","type":2,"optionCode":"topic_export"},{"code":"bbs_setting_topic","type":2,"optionCode":"topic_delete"},{"code":"ssp_operating_tools","type":2,"optionCode":"*"},{"code":"ssp_point_mgmt","type":2,"optionCode":"points_clear_history_get"},{"code":"ssp_point_mgmt","type":2,"optionCode":"points_change"},{"code":"ssp_point_mgmt","type":2,"optionCode":"points_trainer_detail_get"},{"code":"ssp_point_mgmt","type":2,"optionCode":"points_batch_change"},{"code":"ssp_point_mgmt","type":2,"optionCode":"points_trainee_get"},{"code":"ssp_point_mgmt","type":2,"optionCode":"points_clear"},{"code":"operationsCenter","type":2,"optionCode":"*"},{"code":"jf_commodity_mgmt","type":2,"optionCode":"goods_delete"},{"code":"jf_commodity_mgmt","type":2,"optionCode":"onOff_set"},{"code":"jf_commodity_mgmt","type":2,"optionCode":"goods_edit"},{"code":"jf_commodity_mgmt","type":2,"optionCode":"recycleGoods_view"},{"code":"jf_commodity_mgmt","type":2,"optionCode":"goodsList_view"},{"code":"jf_commodity_mgmt","type":2,"optionCode":"thirdGoods_add"},{"code":"jf_commodity_mgmt","type":2,"optionCode":"onOffBatch_set"},{"code":"jf_commodity_mgmt","type":2,"optionCode":"goods_export"},{"code":"jf_commodity_mgmt","type":2,"optionCode":"recommend_set"},{"code":"jf_commodity_mgmt","type":2,"optionCode":"enterpriseGoods_add"},{"code":"jf_commodity_mgmt","type":2,"optionCode":"samePrice_set"},{"code":"bbs_mgmt_post","type":2,"optionCode":"bbsPost_view"},{"code":"bbs_mgmt_post","type":2,"optionCode":"bbsPost_code"},{"code":"bbs_mgmt_post","type":2,"optionCode":"bbsPostRecommend_set"},{"code":"bbs_mgmt_post","type":2,"optionCode":"bbsPost_pass"},{"code":"bbs_mgmt_post","type":2,"optionCode":"bbsPostBatch_change"},{"code":"bbs_mgmt_post","type":2,"optionCode":"bbsPost_change"},{"code":"bbs_mgmt_post","type":2,"optionCode":"bbsPostGlobal_set"},{"code":"bbs_mgmt_post","type":2,"optionCode":"bbsPostSection_set"},{"code":"bbs_mgmt_post","type":2,"optionCode":"bbsPost_export"},{"code":"bbs_mgmt_post","type":2,"optionCode":"bbsPost_delete"},{"code":"bbs_mgmt_post","type":2,"optionCode":"bbsPostBatch_delete"},{"code":"ote_exam","type":2,"optionCode":"*"},{"code":"bbs_mgmt_question","type":2,"optionCode":"bbsQuestionSection_set"},{"code":"bbs_mgmt_question","type":2,"optionCode":"bbsQuestion_delete"},{"code":"bbs_mgmt_question","type":2,"optionCode":"bbsQuestion_change"},{"code":"bbs_mgmt_question","type":2,"optionCode":"bbsQuestion_view"},{"code":"bbs_mgmt_question","type":2,"optionCode":"bbsQuestion_code"},{"code":"bbs_mgmt_question","type":2,"optionCode":"bbsQuestion_close"},{"code":"bbs_mgmt_question","type":2,"optionCode":"bbsQuestionBatch_change"},{"code":"bbs_mgmt_question","type":2,"optionCode":"bbsQuestionGlobal_set"},{"code":"bbs_mgmt_question","type":2,"optionCode":"bbsQuestion_pass"},{"code":"bbs_mgmt_question","type":2,"optionCode":"bbsQuestionBatch_delete"},{"code":"bbs_mgmt_question","type":2,"optionCode":"bbsQuestion_export"},{"code":"core_safepreparation_mgmt_secret","type":2,"optionCode":"confidentiality_agreement_set"},{"code":"utility_tag_mgmt","type":2,"optionCode":"label_choose"},{"code":"utility_tag_mgmt","type":2,"optionCode":"specialist_label_get"},{"code":"utility_tag_mgmt","type":2,"optionCode":"item_label_get"},{"code":"utility_tag_mgmt","type":2,"optionCode":"knowledge_label_group_get"},{"code":"utility_tag_mgmt","type":2,"optionCode":"supervisor_label_get"},{"code":"utility_tag_mgmt","type":2,"optionCode":"exampaper_label_group_get"},{"code":"utility_tag_mgmt","type":2,"optionCode":"item_label_group_get"},{"code":"utility_tag_mgmt","type":2,"optionCode":"label_edit"},{"code":"utility_tag_mgmt","type":2,"optionCode":"label_enable"},{"code":"utility_tag_mgmt","type":2,"optionCode":"lecturer_label_get"},{"code":"utility_tag_mgmt","type":2,"optionCode":"knowledge_label_get"},{"code":"utility_tag_mgmt","type":2,"optionCode":"label_group_enable"},{"code":"utility_tag_mgmt","type":2,"optionCode":"label_group_disable"},{"code":"utility_tag_mgmt","type":2,"optionCode":"label_delete"},{"code":"utility_tag_mgmt","type":2,"optionCode":"information_label_get"},{"code":"utility_tag_mgmt","type":2,"optionCode":"supervisor_label_group_get"},{"code":"utility_tag_mgmt","type":2,"optionCode":"label_add"},{"code":"utility_tag_mgmt","type":2,"optionCode":"lecturer_label_group_get"},{"code":"utility_tag_mgmt","type":2,"optionCode":"specialist_label_group_get"},{"code":"utility_tag_mgmt","type":2,"optionCode":"label_group_add"},{"code":"utility_tag_mgmt","type":2,"optionCode":"information_label_group_get"},{"code":"utility_tag_mgmt","type":2,"optionCode":"label_input"},{"code":"utility_tag_mgmt","type":2,"optionCode":"exampaper_label_get"},{"code":"utility_tag_mgmt","type":2,"optionCode":"label_disable"},{"code":"utility_tag_mgmt","type":2,"optionCode":"label_group_edit"},{"code":"bbs_setting_expert","type":2,"optionCode":"expert_export"},{"code":"bbs_setting_expert","type":2,"optionCode":"expert_view"},{"code":"bbs_setting_expert","type":2,"optionCode":"expertTutor_select"},{"code":"bbs_setting_expert","type":2,"optionCode":"domain_manage"},{"code":"bbs_setting_expert","type":2,"optionCode":"expert_delete"},{"code":"bbs_setting_expert","type":2,"optionCode":"expertPersonnel_select"},{"code":"bbs_setting_expert","type":2,"optionCode":"expert_edit"},{"code":"ote_ques_lib","type":2,"optionCode":"*"},{"code":"my_enterprise","type":2,"optionCode":"*"},{"code":"ssp_point_mgmt_all","type":2,"optionCode":"*"},{"code":"cc_mgmt_opinion","type":2,"optionCode":"public_opinion_set"},{"code":"cc_mgmt_opinion","type":2,"optionCode":"public_opinion_browse"},{"code":"o2o_template_list","type":2,"optionCode":"*"},{"code":"jf_statement_mgmt","type":2,"optionCode":"thirdGoodsDetail_view"},{"code":"jf_statement_mgmt","type":2,"optionCode":"thirdGoodsDetail_export"},{"code":"jf_statement_mgmt","type":2,"optionCode":"thirdOrderDetail_view"},{"code":"jf_statement_mgmt","type":2,"optionCode":"thirdOrderDetail_export"},{"code":"course_operate","type":2,"optionCode":"Course_operate"},{"code":"udp_usergroup","type":2,"optionCode":"user_group_edit"},{"code":"udp_usergroup","type":2,"optionCode":"user_group_auth_staff"},{"code":"udp_usergroup","type":2,"optionCode":"user_group_batch_move"},{"code":"udp_usergroup","type":2,"optionCode":"user_group_add"},{"code":"udp_usergroup","type":2,"optionCode":"user_group_classify_delete"},{"code":"udp_usergroup","type":2,"optionCode":"user_group_auth_department"},{"code":"udp_usergroup","type":2,"optionCode":"user_group_get"},{"code":"udp_usergroup","type":2,"optionCode":"user_group_classify_edit"},{"code":"udp_usergroup","type":2,"optionCode":"user_group_classify_add"},{"code":"udp_usergroup","type":2,"optionCode":"user_group_classify_get"},{"code":"udp_usergroup","type":2,"optionCode":"user_group_auth_position"},{"code":"jf_order_mgmt","type":2,"optionCode":"deliverGoods_set"},{"code":"jf_order_mgmt","type":2,"optionCode":"cancelOrderBatch_set"},{"code":"jf_order_mgmt","type":2,"optionCode":"thirdGoodsDetail_view"},{"code":"jf_order_mgmt","type":2,"optionCode":"descriptionOrder_set"},{"code":"jf_order_mgmt","type":2,"optionCode":"editOrder_set"},{"code":"jf_order_mgmt","type":2,"optionCode":"cancelOrder_set"},{"code":"jf_order_mgmt","type":2,"optionCode":"finishOrder_set"},{"code":"jf_order_mgmt","type":2,"optionCode":"thirdOrderDetail_view"},{"code":"jf_order_mgmt","type":2,"optionCode":"enterpriseOrderDetail_export"},{"code":"bbs_setting_banner","type":2,"optionCode":"onOffBanner_set"},{"code":"bbs_setting_banner","type":2,"optionCode":"bbsBanner_delete"},{"code":"bbs_setting_banner","type":2,"optionCode":"bbsBanner_view"},{"code":"bbs_setting_banner","type":2,"optionCode":"bbsBanner_edit"},{"code":"bbs_setting_banner","type":2,"optionCode":"bbsBanner_add"},{"code":"ssp_credit_mgmt_all","type":2,"optionCode":"*"},{"code":"core_safepreparationmgmt","type":2,"optionCode":"*"},{"code":"bbs_mgmt_comment","type":2,"optionCode":"bbsComment_view"},{"code":"bbs_mgmt_comment","type":2,"optionCode":"bbsComment_delete"},{"code":"bbs_mgmt_comment","type":2,"optionCode":"bbsCommentBatch_delete"},{"code":"bbs_mgmt_comment","type":2,"optionCode":"bbsComment_export"},{"code":"bbs_mgmt_comment","type":2,"optionCode":"bbsCommentDetail_view"},{"code":"cc_mgmt_slience","type":2,"optionCode":"forbidden_comment_obtain"},{"code":"cc_mgmt_slience","type":2,"optionCode":"forbidden_staff_obtain"},{"code":"cc_mgmt_slience","type":2,"optionCode":"comment_unforbid"},{"code":"kng_catalog_mgmt","type":2,"optionCode":"KnowledgeCatalog_move_knowledge_Course"},{"code":"kng_catalog_mgmt","type":2,"optionCode":"KnowledgeCatalog_edit"},{"code":"kng_catalog_mgmt","type":2,"optionCode":"KnowledgeCatalog_create"},{"code":"kng_catalog_mgmt","type":2,"optionCode":"KnowledgeCatalog_bulkcreate"},{"code":"kng_catalog_mgmt","type":2,"optionCode":"KnowledgeCatalog_move"},{"code":"kng_catalog_mgmt","type":2,"optionCode":"KnowledgeCatalog_delete"},{"code":"kng_catalog_mgmt","type":2,"optionCode":"Knowledge_view"},{"code":"kng_catalog_mgmt","type":2,"optionCode":"KnowledgeCatalog_view"},{"code":"ote_config","type":2,"optionCode":"exam_set"},{"code":"jf_lottery_mgmt","type":2,"optionCode":"*"},{"code":"bbs_mgmt_answer","type":2,"optionCode":"bbsAnswerBatch_delete"},{"code":"bbs_mgmt_answer","type":2,"optionCode":"bbsAnswer_delete"},{"code":"bbs_mgmt_answer","type":2,"optionCode":"bbsAnswer_view"},{"code":"bbs_mgmt_answer","type":2,"optionCode":"bbsAnswerDetail_view"},{"code":"bbs_mgmt_answer","type":2,"optionCode":"bbsBestAnswer_set"},{"code":"bbs_mgmt_answer","type":2,"optionCode":"bbsAnswer_export"},{"code":"core_enterprise_info","type":2,"optionCode":"enterptise_edit"},{"code":"core_enterprise_info","type":2,"optionCode":"enterptise_get"},{"code":"ssp_form_info","type":2,"optionCode":"*"},{"code":"jf_birth_mgmt","type":2,"optionCode":"birthdayGoodsPoints_set"},{"code":"jf_birth_mgmt","type":2,"optionCode":"birthdayGoods_delete"},{"code":"jf_birth_mgmt","type":2,"optionCode":"birthdayGoodsRecommend_set"},{"code":"jf_birth_mgmt","type":2,"optionCode":"birthdayGoods_add"},{"code":"jf_birth_mgmt","type":2,"optionCode":"birthdayGoods_set"},{"code":"jf_birth_mgmt","type":2,"optionCode":"birthdayGoods_view"},{"code":"kng_comments_mgmt","type":2,"optionCode":"KnowledgeComment_BulkNotPass"},{"code":"kng_comments_mgmt","type":2,"optionCode":"KnowledgeComment_BulkAudit"},{"code":"kng_comments_mgmt","type":2,"optionCode":"KnowledgeComment_BulkPass"},{"code":"kng_comments_mgmt","type":2,"optionCode":"KnowledgeComment_view"},{"code":"kng_comments_mgmt","type":2,"optionCode":"KnowledgeComment_Export"},{"code":"kng_comments_mgmt","type":2,"optionCode":"KnowledgeComment_BulkDelete"},{"code":"oms_mgmt","type":2,"optionCode":"*"},{"code":"cc_mgmt","type":2,"optionCode":"*"},{"code":"cer_mgmt","type":2,"optionCode":"certificate_staff_export"},{"code":"cer_mgmt","type":2,"optionCode":"certificate_add_other"},{"code":"cer_mgmt","type":2,"optionCode":"certificate_print_template"},{"code":"cer_mgmt","type":2,"optionCode":"certificate_deactive"},{"code":"cer_mgmt","type":2,"optionCode":"certificate_moudel_add"},{"code":"cer_mgmt","type":2,"optionCode":"certificate_edit"},{"code":"cer_mgmt","type":2,"optionCode":"certificate_presented"},{"code":"cer_mgmt","type":2,"optionCode":"certificate_entry_template"},{"code":"cer_mgmt","type":2,"optionCode":"certificate_export_info"},{"code":"cer_mgmt","type":2,"optionCode":"certificate_renew"},{"code":"cer_mgmt","type":2,"optionCode":"certificate_export"},{"code":"cer_mgmt","type":2,"optionCode":"certificate_export_template"},{"code":"cer_mgmt","type":2,"optionCode":"certificate_user_list_get"},{"code":"cer_mgmt","type":2,"optionCode":"certificate_user_detail_get"},{"code":"cer_mgmt","type":2,"optionCode":"certificate_moudel_edit"},{"code":"cer_mgmt","type":2,"optionCode":"certificate_download_template"},{"code":"cer_mgmt","type":2,"optionCode":"certificate_print"},{"code":"cer_mgmt","type":2,"optionCode":"certificate_list_get"},{"code":"cer_mgmt","type":2,"optionCode":"certificate_delete_template"},{"code":"cer_mgmt","type":2,"optionCode":"certificate_import_template"},{"code":"cer_mgmt","type":2,"optionCode":"certificate_download"},{"code":"cer_mgmt","type":2,"optionCode":"certificate_delete"},{"code":"kng_param_set","type":2,"optionCode":"KnowledgeSetting_view"},{"code":"kng_param_set","type":2,"optionCode":"KnowledgeSetting_set"},{"code":"down_center","type":2,"optionCode":"pcdownload_import_list_extent"},{"code":"down_center","type":2,"optionCode":"pcdownload_export_list_extent"},{"code":"Custom_decoration","type":2,"optionCode":"*"}],"showSecretProtocol":false}]]>
            </line>
          </reporter-output>
        </test-method> <!-- test002_login -->
        <test-method status="PASS" signature="close()[pri:0, instance:com.yxt.testcases.login.LoginTests@6a4f787b]" name="close" is-config="true" duration-ms="1" started-at="2020-11-11T07:32:38Z" finished-at="2020-11-11T07:32:38Z">
          <reporter-output>
            <line>
              <![CDATA[关闭数据库]]>
            </line>
          </reporter-output>
        </test-method> <!-- close -->
      </class> <!-- com.yxt.testcases.login.LoginTests -->
    </test> <!-- YXT -->
  </suite> <!-- Suite -->
</testng-results>
