<?xml version="1.0" encoding="UTF-8"?>
<!-- Generated by org.testng.reporters.JUnitReportReporter -->
<testsuite skipped="0" hostname="liyl" name="com.yxt.testcases.GetDataPermissionListTests" tests="2" failures="0" timestamp="23 Sep 2020 07:24:33 GMT" time="0.130" errors="0">
  <testcase name="test002_getDataPermissionList" time="0.048" classname="com.yxt.testcases.GetDataPermissionListTests"/>
  <testcase name="test001_getDataPermissionList" time="0.082" classname="com.yxt.testcases.GetDataPermissionListTests"/>
</testsuite> <!-- com.yxt.testcases.GetDataPermissionListTests -->
