<?xml version="1.0" encoding="UTF-8"?>
<!-- Generated by org.testng.reporters.JUnitReportReporter -->
<testsuite skipped="0" hostname="liyl" name="com.yxt.testcases.login.LoginTests" tests="2" failures="0" timestamp="04 Nov 2020 23:12:41 GMT" time="0.332" errors="0">
  <testcase name="test002_login" time="0.240" classname="com.yxt.testcases.login.LoginTests"/>
  <testcase name="test001_login" time="0.092" classname="com.yxt.testcases.login.LoginTests"/>
</testsuite> <!-- com.yxt.testcases.login.LoginTests -->
